2022-12-01 10:55:21 | Error   | 1     | UserRequest: Transition ev_timeout is not allowed in escalated_tto | IssueLog |||
2022-12-01 10:55:21 | Error   | 1     | UserRequest: Transition ev_timeout is not allowed in escalated_tto | IssueLog |||
2022-12-01 10:55:28 | Info    | 1     | Creating backup: '/var/www/html/itop-web/data/backups/auto/itop_db-2022-12-01_10_55.tar.gz' | IssueLog |||
2022-12-01 10:55:28 | Info    | 1     | backup: creating tmp dir '/var/www/html/itop-web/data/tmp-backup-302762403' | IssueLog |||
2022-12-01 10:55:28 | Info    | 1     | backup: adding resource '/var/www/html/itop-web/conf/production/config-itop.php' | IssueLog |||
2022-12-01 10:55:28 | Info    | 1     | backup: adding resource '/var/www/html/itop-web/data/production-modules/' | IssueLog |||
2022-12-01 10:55:32 | Info    | 1     | Starting backup of localhost/itop_db(suffix:'') | IssueLog |||
2022-12-01 10:55:32 | Info    | 1     | backup: generate data file with command: mysqldump --defaults-extra-file="/tmp/itop-mysqldump-Typck6" --opt --skip-lock-tables --default-character-set=utf8mb4 --add-drop-database --single-transaction --host='localhost'  --port='3306' --user=xxxxx  --result-file='/var/www/html/itop-web/data/tmp-backup-302762403/itop-dump.sql' 'itop_db'  | IssueLog |||
2022-12-01 10:55:57 | Info    | 1     | mysqldump said: mysqldump: Error: 'Access denied; you need (at least one of) the PROCESS privilege(s) for this operation' when trying to dump tablespaces | IssueLog |||
2022-12-01 10:55:57 | Info    | 1     | backup: adding to archive files 'array (
  0 => '/var/www/html/itop-web/data/tmp-backup-302762403/config-itop.php',
  1 => '/var/www/html/itop-web/data/tmp-backup-302762403/production-modules',
  2 => '/var/www/html/itop-web/data/tmp-backup-302762403/itop-dump.sql',
)' | IssueLog |||
2022-12-01 10:55:57 | Info    | 1     | backup: removing tmp folder '/var/www/html/itop-web/data/tmp-backup-302762403' | IssueLog |||
2022-12-02 09:55:29 | Info    | 1     | Creating backup: '/var/www/html/itop-web/data/backups/auto/itop_db-2022-12-02_09_55.tar.gz' | IssueLog |||
2022-12-02 09:55:29 | Info    | 1     | backup: creating tmp dir '/var/www/html/itop-web/data/tmp-backup-390982812' | IssueLog |||
2022-12-02 09:55:29 | Info    | 1     | backup: adding resource '/var/www/html/itop-web/conf/production/config-itop.php' | IssueLog |||
2022-12-02 09:55:29 | Info    | 1     | backup: adding resource '/var/www/html/itop-web/data/production-modules/' | IssueLog |||
2022-12-02 09:55:32 | Info    | 1     | Starting backup of localhost/itop_db(suffix:'') | IssueLog |||
2022-12-02 09:55:32 | Info    | 1     | backup: generate data file with command: mysqldump --defaults-extra-file="/tmp/itop-mysqldump-ZWHV3B" --opt --skip-lock-tables --default-character-set=utf8mb4 --add-drop-database --single-transaction --host='localhost'  --port='3306' --user=xxxxx  --result-file='/var/www/html/itop-web/data/tmp-backup-390982812/itop-dump.sql' 'itop_db'  | IssueLog |||
2022-12-02 09:55:59 | Info    | 1     | mysqldump said: mysqldump: Error: 'Access denied; you need (at least one of) the PROCESS privilege(s) for this operation' when trying to dump tablespaces | IssueLog |||
2022-12-02 09:55:59 | Info    | 1     | backup: adding to archive files 'array (
  0 => '/var/www/html/itop-web/data/tmp-backup-390982812/config-itop.php',
  1 => '/var/www/html/itop-web/data/tmp-backup-390982812/production-modules',
  2 => '/var/www/html/itop-web/data/tmp-backup-390982812/itop-dump.sql',
)' | IssueLog |||
2022-12-02 09:55:59 | Info    | 1     | backup: removing tmp folder '/var/www/html/itop-web/data/tmp-backup-390982812' | IssueLog |||
2022-12-06 10:23:48 | Info    | 1     | Creating backup: '/var/www/html/itop-web/data/backups/auto/itop_db-2022-12-06_10_23.tar.gz' | IssueLog |||
2022-12-06 10:23:48 | Info    | 1     | backup: creating tmp dir '/var/www/html/itop-web/data/tmp-backup-629278702' | IssueLog |||
2022-12-06 10:23:49 | Info    | 1     | backup: adding resource '/var/www/html/itop-web/conf/production/config-itop.php' | IssueLog |||
2022-12-06 10:23:49 | Info    | 1     | backup: adding resource '/var/www/html/itop-web/data/production-modules/' | IssueLog |||
2022-12-06 10:24:37 | Info    | 1     | Starting backup of localhost/itop_db(suffix:'') | IssueLog |||
2022-12-06 10:24:37 | Info    | 1     | backup: generate data file with command: mysqldump --defaults-extra-file="/tmp/itop-mysqldump-TUCcuq" --opt --skip-lock-tables --default-character-set=utf8mb4 --add-drop-database --single-transaction --host='localhost'  --port='3306' --user=xxxxx  --result-file='/var/www/html/itop-web/data/tmp-backup-629278702/itop-dump.sql' 'itop_db'  | IssueLog |||
2022-12-06 10:26:00 | Info    | 1     | mysqldump said: mysqldump: Error: 'Access denied; you need (at least one of) the PROCESS privilege(s) for this operation' when trying to dump tablespaces | IssueLog |||
2022-12-06 10:26:00 | Info    | 1     | backup: adding to archive files 'array (
  0 => '/var/www/html/itop-web/data/tmp-backup-629278702/config-itop.php',
  1 => '/var/www/html/itop-web/data/tmp-backup-629278702/production-modules',
  2 => '/var/www/html/itop-web/data/tmp-backup-629278702/itop-dump.sql',
)' | IssueLog |||
2022-12-06 10:26:00 | Info    | 1     | backup: removing tmp folder '/var/www/html/itop-web/data/tmp-backup-629278702' | IssueLog |||
2022-12-07 10:22:04 | Info    | 1     | Creating backup: '/var/www/html/itop-web/data/backups/auto/itop_db-2022-12-07_10_22.tar.gz' | IssueLog |||
2022-12-07 10:22:04 | Info    | 1     | backup: creating tmp dir '/var/www/html/itop-web/data/tmp-backup-496260604' | IssueLog |||
2022-12-07 10:22:04 | Info    | 1     | backup: adding resource '/var/www/html/itop-web/conf/production/config-itop.php' | IssueLog |||
2022-12-07 10:22:04 | Info    | 1     | backup: adding resource '/var/www/html/itop-web/data/production-modules/' | IssueLog |||
2022-12-07 10:22:04 | Info    | 1     | Starting backup of localhost/itop_db(suffix:'') | IssueLog |||
2022-12-07 10:22:04 | Info    | 1     | backup: generate data file with command: mysqldump --defaults-extra-file="/tmp/itop-mysqldump-7dPJBe" --opt --skip-lock-tables --default-character-set=utf8mb4 --add-drop-database --single-transaction --host='localhost'  --port='3306' --user=xxxxx  --result-file='/var/www/html/itop-web/data/tmp-backup-496260604/itop-dump.sql' 'itop_db'  | IssueLog |||
2022-12-07 10:22:05 | Info    | 1     | mysqldump said: mysqldump: Error: 'Access denied; you need (at least one of) the PROCESS privilege(s) for this operation' when trying to dump tablespaces | IssueLog |||
2022-12-07 10:22:05 | Info    | 1     | backup: adding to archive files 'array (
  0 => '/var/www/html/itop-web/data/tmp-backup-496260604/config-itop.php',
  1 => '/var/www/html/itop-web/data/tmp-backup-496260604/production-modules',
  2 => '/var/www/html/itop-web/data/tmp-backup-496260604/itop-dump.sql',
)' | IssueLog |||
2022-12-07 10:22:06 | Info    | 1     | backup: removing tmp folder '/var/www/html/itop-web/data/tmp-backup-496260604' | IssueLog |||
2022-12-07 12:56:01 | Error   |       | Uncaught MySQLException: Could not connect to the DB server: host = 100.96.12.80, user = appadmin, mysql_errno = 2002, mysql_error = Connection timed out in /var/www/html/itop-web/core/cmdbsource.class.inc.php:185
 | IssueLog |||
array (
  'type' => 1,
  'file' => '/var/www/html/itop-web/core/cmdbsource.class.inc.php',
  'line' => 185,
)
2022-12-07 13:01:01 | Error   |       | Uncaught MySQLException: Could not connect to the DB server: host = 100.96.12.80, user = appadmin, mysql_errno = 2002, mysql_error = Connection timed out in /var/www/html/itop-web/core/cmdbsource.class.inc.php:185
 | IssueLog |||
array (
  'type' => 1,
  'file' => '/var/www/html/itop-web/core/cmdbsource.class.inc.php',
  'line' => 185,
)
2022-12-07 13:11:01 | Error   |       | Uncaught MySQLException: Could not select DB: db_name = help_deskuat, mysql_errno = 1044, mysql_error = Access denied for user 'itop'@'localhost' to database 'help_deskuat' in /var/www/html/itop-web/core/cmdbsource.class.inc.php:405
 | IssueLog |||
array (
  'type' => 1,
  'file' => '/var/www/html/itop-web/core/cmdbsource.class.inc.php',
  'line' => 405,
)
2022-12-08 10:22:04 | Info    | 1     | Creating backup: '/var/www/html/itop-web/data/backups/auto/itop_db-2022-12-08_10_22.tar.gz' | IssueLog |||
2022-12-08 10:22:04 | Info    | 1     | backup: creating tmp dir '/var/www/html/itop-web/data/tmp-backup-1128894619' | IssueLog |||
2022-12-08 10:22:04 | Info    | 1     | backup: adding resource '/var/www/html/itop-web/conf/production/config-itop.php' | IssueLog |||
2022-12-08 10:22:04 | Info    | 1     | backup: adding resource '/var/www/html/itop-web/data/production-modules/' | IssueLog |||
2022-12-08 10:22:04 | Info    | 1     | Starting backup of localhost/itop_db(suffix:'') | IssueLog |||
2022-12-08 10:22:04 | Info    | 1     | backup: generate data file with command: mysqldump --defaults-extra-file="/tmp/itop-mysqldump-rlgcrw" --opt --skip-lock-tables --default-character-set=utf8mb4 --add-drop-database --single-transaction --host='localhost'  --port='3306' --user=xxxxx  --result-file='/var/www/html/itop-web/data/tmp-backup-1128894619/itop-dump.sql' 'itop_db'  | IssueLog |||
2022-12-08 10:22:06 | Info    | 1     | mysqldump said: mysqldump: Error: 'Access denied; you need (at least one of) the PROCESS privilege(s) for this operation' when trying to dump tablespaces | IssueLog |||
2022-12-08 10:22:06 | Info    | 1     | backup: adding to archive files 'array (
  0 => '/var/www/html/itop-web/data/tmp-backup-1128894619/config-itop.php',
  1 => '/var/www/html/itop-web/data/tmp-backup-1128894619/production-modules',
  2 => '/var/www/html/itop-web/data/tmp-backup-1128894619/itop-dump.sql',
)' | IssueLog |||
2022-12-08 10:22:06 | Info    | 1     | backup: removing tmp folder '/var/www/html/itop-web/data/tmp-backup-1128894619' | IssueLog |||
2022-12-09 10:22:06 | Info    | 1     | Creating backup: '/var/www/html/itop-web/data/backups/auto/itop_db-2022-12-09_10_22.tar.gz' | IssueLog |||
2022-12-09 10:22:06 | Info    | 1     | backup: creating tmp dir '/var/www/html/itop-web/data/tmp-backup-1976518541' | IssueLog |||
2022-12-09 10:22:06 | Info    | 1     | backup: adding resource '/var/www/html/itop-web/conf/production/config-itop.php' | IssueLog |||
2022-12-09 10:22:06 | Info    | 1     | backup: adding resource '/var/www/html/itop-web/data/production-modules/' | IssueLog |||
2022-12-09 10:22:06 | Info    | 1     | Starting backup of localhost/itop_db(suffix:'') | IssueLog |||
2022-12-09 10:22:06 | Info    | 1     | backup: generate data file with command: mysqldump --defaults-extra-file="/tmp/itop-mysqldump-a6t52x" --opt --skip-lock-tables --default-character-set=utf8mb4 --add-drop-database --single-transaction --host='localhost'  --port='3306' --user=xxxxx  --result-file='/var/www/html/itop-web/data/tmp-backup-1976518541/itop-dump.sql' 'itop_db'  | IssueLog |||
2022-12-09 10:22:07 | Info    | 1     | mysqldump said: mysqldump: Error: 'Access denied; you need (at least one of) the PROCESS privilege(s) for this operation' when trying to dump tablespaces | IssueLog |||
2022-12-09 10:22:07 | Info    | 1     | backup: adding to archive files 'array (
  0 => '/var/www/html/itop-web/data/tmp-backup-1976518541/config-itop.php',
  1 => '/var/www/html/itop-web/data/tmp-backup-1976518541/production-modules',
  2 => '/var/www/html/itop-web/data/tmp-backup-1976518541/itop-dump.sql',
)' | IssueLog |||
2022-12-09 10:22:07 | Info    | 1     | backup: removing tmp folder '/var/www/html/itop-web/data/tmp-backup-1976518541' | IssueLog |||
2022-12-10 21:33:06 | Info    | 1     | Creating backup: '/var/www/html/itop-web/data/backups/auto/itop_db-2022-12-10_21_33.tar.gz' | IssueLog |||
2022-12-10 21:33:06 | Info    | 1     | backup: creating tmp dir '/var/www/html/itop-web/data/tmp-backup-2050059323' | IssueLog |||
2022-12-10 21:33:06 | Info    | 1     | backup: adding resource '/var/www/html/itop-web/conf/production/config-itop.php' | IssueLog |||
2022-12-10 21:33:06 | Info    | 1     | backup: adding resource '/var/www/html/itop-web/data/production-modules/' | IssueLog |||
2022-12-10 21:33:06 | Info    | 1     | Starting backup of localhost/itop_db(suffix:'') | IssueLog |||
2022-12-10 21:33:06 | Info    | 1     | backup: generate data file with command: mysqldump --defaults-extra-file="/tmp/itop-mysqldump-h3E6RB" --opt --skip-lock-tables --default-character-set=utf8mb4 --add-drop-database --single-transaction --host='localhost'  --port='3306' --user=xxxxx  --result-file='/var/www/html/itop-web/data/tmp-backup-2050059323/itop-dump.sql' 'itop_db'  | IssueLog |||
2022-12-10 21:33:07 | Info    | 1     | mysqldump said: mysqldump: Error: 'Access denied; you need (at least one of) the PROCESS privilege(s) for this operation' when trying to dump tablespaces | IssueLog |||
2022-12-10 21:33:07 | Info    | 1     | backup: adding to archive files 'array (
  0 => '/var/www/html/itop-web/data/tmp-backup-2050059323/config-itop.php',
  1 => '/var/www/html/itop-web/data/tmp-backup-2050059323/production-modules',
  2 => '/var/www/html/itop-web/data/tmp-backup-2050059323/itop-dump.sql',
)' | IssueLog |||
2022-12-10 21:33:08 | Info    | 1     | backup: removing tmp folder '/var/www/html/itop-web/data/tmp-backup-2050059323' | IssueLog |||
2022-12-13 10:33:05 | Info    | 1     | Creating backup: '/var/www/html/itop-web/data/backups/auto/itop_db-2022-12-13_10_33.tar.gz' | IssueLog |||
2022-12-13 10:33:05 | Info    | 1     | backup: creating tmp dir '/var/www/html/itop-web/data/tmp-backup-934833711' | IssueLog |||
2022-12-13 10:33:05 | Info    | 1     | backup: adding resource '/var/www/html/itop-web/conf/production/config-itop.php' | IssueLog |||
2022-12-13 10:33:05 | Info    | 1     | backup: adding resource '/var/www/html/itop-web/data/production-modules/' | IssueLog |||
2022-12-13 10:33:05 | Info    | 1     | Starting backup of localhost/itop_db(suffix:'') | IssueLog |||
2022-12-13 10:33:05 | Info    | 1     | backup: generate data file with command: mysqldump --defaults-extra-file="/tmp/itop-mysqldump-yoXRWD" --opt --skip-lock-tables --default-character-set=utf8mb4 --add-drop-database --single-transaction --host='localhost'  --port='3306' --user=xxxxx  --result-file='/var/www/html/itop-web/data/tmp-backup-934833711/itop-dump.sql' 'itop_db'  | IssueLog |||
2022-12-13 10:33:06 | Info    | 1     | mysqldump said: mysqldump: Error: 'Access denied; you need (at least one of) the PROCESS privilege(s) for this operation' when trying to dump tablespaces | IssueLog |||
2022-12-13 10:33:06 | Info    | 1     | backup: adding to archive files 'array (
  0 => '/var/www/html/itop-web/data/tmp-backup-934833711/config-itop.php',
  1 => '/var/www/html/itop-web/data/tmp-backup-934833711/production-modules',
  2 => '/var/www/html/itop-web/data/tmp-backup-934833711/itop-dump.sql',
)' | IssueLog |||
2022-12-13 10:33:07 | Info    | 1     | backup: removing tmp folder '/var/www/html/itop-web/data/tmp-backup-934833711' | IssueLog |||
2022-12-14 11:33:03 | Info    | 1     | Creating backup: '/var/www/html/itop-web/data/backups/auto/itop_db-2022-12-14_11_33.tar.gz' | IssueLog |||
2022-12-14 11:33:04 | Info    | 1     | backup: creating tmp dir '/var/www/html/itop-web/data/tmp-backup-1457006161' | IssueLog |||
2022-12-14 11:33:04 | Info    | 1     | backup: adding resource '/var/www/html/itop-web/conf/production/config-itop.php' | IssueLog |||
2022-12-14 11:33:04 | Info    | 1     | backup: adding resource '/var/www/html/itop-web/data/production-modules/' | IssueLog |||
2022-12-14 11:33:04 | Info    | 1     | Starting backup of localhost/itop_db(suffix:'') | IssueLog |||
2022-12-14 11:33:04 | Info    | 1     | backup: generate data file with command: mysqldump --defaults-extra-file="/tmp/itop-mysqldump-EG0mxh" --opt --skip-lock-tables --default-character-set=utf8mb4 --add-drop-database --single-transaction --host='localhost'  --port='3306' --user=xxxxx  --result-file='/var/www/html/itop-web/data/tmp-backup-1457006161/itop-dump.sql' 'itop_db'  | IssueLog |||
2022-12-14 11:33:05 | Info    | 1     | mysqldump said: mysqldump: Error: 'Access denied; you need (at least one of) the PROCESS privilege(s) for this operation' when trying to dump tablespaces | IssueLog |||
2022-12-14 11:33:05 | Info    | 1     | backup: adding to archive files 'array (
  0 => '/var/www/html/itop-web/data/tmp-backup-1457006161/config-itop.php',
  1 => '/var/www/html/itop-web/data/tmp-backup-1457006161/production-modules',
  2 => '/var/www/html/itop-web/data/tmp-backup-1457006161/itop-dump.sql',
)' | IssueLog |||
2022-12-14 11:33:06 | Info    | 1     | backup: removing tmp folder '/var/www/html/itop-web/data/tmp-backup-1457006161' | IssueLog |||
2022-12-15 10:55:06 | Info    | 1     | Creating backup: '/var/www/html/itop-web/data/backups/auto/itop_db-2022-12-15_10_55.tar.gz' | IssueLog |||
2022-12-15 10:55:06 | Info    | 1     | backup: creating tmp dir '/var/www/html/itop-web/data/tmp-backup-1133042583' | IssueLog |||
2022-12-15 10:55:06 | Info    | 1     | backup: adding resource '/var/www/html/itop-web/conf/production/config-itop.php' | IssueLog |||
2022-12-15 10:55:06 | Info    | 1     | backup: adding resource '/var/www/html/itop-web/data/production-modules/' | IssueLog |||
2022-12-15 10:55:06 | Info    | 1     | Starting backup of localhost/itop_db(suffix:'') | IssueLog |||
2022-12-15 10:55:06 | Info    | 1     | backup: generate data file with command: mysqldump --defaults-extra-file="/tmp/itop-mysqldump-ZdL6mj" --opt --skip-lock-tables --default-character-set=utf8mb4 --add-drop-database --single-transaction --host='localhost'  --port='3306' --user=xxxxx  --result-file='/var/www/html/itop-web/data/tmp-backup-1133042583/itop-dump.sql' 'itop_db'  | IssueLog |||
2022-12-15 10:55:08 | Info    | 1     | mysqldump said: mysqldump: Error: 'Access denied; you need (at least one of) the PROCESS privilege(s) for this operation' when trying to dump tablespaces | IssueLog |||
2022-12-15 10:55:08 | Info    | 1     | backup: adding to archive files 'array (
  0 => '/var/www/html/itop-web/data/tmp-backup-1133042583/config-itop.php',
  1 => '/var/www/html/itop-web/data/tmp-backup-1133042583/production-modules',
  2 => '/var/www/html/itop-web/data/tmp-backup-1133042583/itop-dump.sql',
)' | IssueLog |||
2022-12-15 10:55:08 | Info    | 1     | backup: removing tmp folder '/var/www/html/itop-web/data/tmp-backup-1133042583' | IssueLog |||
2022-12-16 10:33:42 | Info    | 1     | Creating backup: '/var/www/html/itop-web/data/backups/auto/itop_db-2022-12-16_10_33.tar.gz' | IssueLog |||
2022-12-16 10:33:42 | Info    | 1     | backup: creating tmp dir '/var/www/html/itop-web/data/tmp-backup-166938914' | IssueLog |||
2022-12-16 10:33:42 | Info    | 1     | backup: adding resource '/var/www/html/itop-web/conf/production/config-itop.php' | IssueLog |||
2022-12-16 10:33:42 | Info    | 1     | backup: adding resource '/var/www/html/itop-web/data/production-modules/' | IssueLog |||
2022-12-16 10:33:55 | Info    | 1     | Starting backup of localhost/itop_db(suffix:'') | IssueLog |||
2022-12-16 10:33:55 | Info    | 1     | backup: generate data file with command: mysqldump --defaults-extra-file="/tmp/itop-mysqldump-ue6pTd" --opt --skip-lock-tables --default-character-set=utf8mb4 --add-drop-database --single-transaction --host='localhost'  --port='3306' --user=xxxxx  --result-file='/var/www/html/itop-web/data/tmp-backup-166938914/itop-dump.sql' 'itop_db'  | IssueLog |||
2022-12-16 10:33:59 | Info    | 1     | mysqldump said: mysqldump: Error: 'Access denied; you need (at least one of) the PROCESS privilege(s) for this operation' when trying to dump tablespaces | IssueLog |||
2022-12-16 10:33:59 | Info    | 1     | backup: adding to archive files 'array (
  0 => '/var/www/html/itop-web/data/tmp-backup-166938914/config-itop.php',
  1 => '/var/www/html/itop-web/data/tmp-backup-166938914/production-modules',
  2 => '/var/www/html/itop-web/data/tmp-backup-166938914/itop-dump.sql',
)' | IssueLog |||
2022-12-16 10:33:59 | Info    | 1     | backup: removing tmp folder '/var/www/html/itop-web/data/tmp-backup-166938914' | IssueLog |||
2022-12-19 10:44:14 | Info    | 1     | Creating backup: '/var/www/html/itop-web/data/backups/auto/itop_db-2022-12-19_10_44.tar.gz' | IssueLog |||
2022-12-19 10:44:14 | Info    | 1     | backup: creating tmp dir '/var/www/html/itop-web/data/tmp-backup-411992143' | IssueLog |||
2022-12-19 10:44:14 | Info    | 1     | backup: adding resource '/var/www/html/itop-web/conf/production/config-itop.php' | IssueLog |||
2022-12-19 10:44:14 | Info    | 1     | backup: adding resource '/var/www/html/itop-web/data/production-modules/' | IssueLog |||
2022-12-19 10:44:16 | Info    | 1     | Starting backup of localhost/itop_db(suffix:'') | IssueLog |||
2022-12-19 10:44:16 | Info    | 1     | backup: generate data file with command: mysqldump --defaults-extra-file="/tmp/itop-mysqldump-iui6FY" --opt --skip-lock-tables --default-character-set=utf8mb4 --add-drop-database --single-transaction --host='localhost'  --port='3306' --user=xxxxx  --result-file='/var/www/html/itop-web/data/tmp-backup-411992143/itop-dump.sql' 'itop_db'  | IssueLog |||
2022-12-19 10:44:41 | Info    | 1     | mysqldump said: mysqldump: Error: 'Access denied; you need (at least one of) the PROCESS privilege(s) for this operation' when trying to dump tablespaces | IssueLog |||
2022-12-19 10:44:41 | Info    | 1     | backup: adding to archive files 'array (
  0 => '/var/www/html/itop-web/data/tmp-backup-411992143/config-itop.php',
  1 => '/var/www/html/itop-web/data/tmp-backup-411992143/production-modules',
  2 => '/var/www/html/itop-web/data/tmp-backup-411992143/itop-dump.sql',
)' | IssueLog |||
2022-12-19 10:44:41 | Info    | 1     | backup: removing tmp folder '/var/www/html/itop-web/data/tmp-backup-411992143' | IssueLog |||
2022-12-20 10:22:07 | Info    | 1     | Creating backup: '/var/www/html/itop-web/data/backups/auto/itop_db-2022-12-20_10_22.tar.gz' | IssueLog |||
2022-12-20 10:22:07 | Info    | 1     | backup: creating tmp dir '/var/www/html/itop-web/data/tmp-backup-447456641' | IssueLog |||
2022-12-20 10:22:07 | Info    | 1     | backup: adding resource '/var/www/html/itop-web/conf/production/config-itop.php' | IssueLog |||
2022-12-20 10:22:07 | Info    | 1     | backup: adding resource '/var/www/html/itop-web/data/production-modules/' | IssueLog |||
2022-12-20 10:22:07 | Info    | 1     | Starting backup of localhost/itop_db(suffix:'') | IssueLog |||
2022-12-20 10:22:07 | Info    | 1     | backup: generate data file with command: mysqldump --defaults-extra-file="/tmp/itop-mysqldump-IzF7Nr" --opt --skip-lock-tables --default-character-set=utf8mb4 --add-drop-database --single-transaction --host='localhost'  --port='3306' --user=xxxxx  --result-file='/var/www/html/itop-web/data/tmp-backup-447456641/itop-dump.sql' 'itop_db'  | IssueLog |||
2022-12-20 10:22:08 | Info    | 1     | mysqldump said: mysqldump: Error: 'Access denied; you need (at least one of) the PROCESS privilege(s) for this operation' when trying to dump tablespaces | IssueLog |||
2022-12-20 10:22:08 | Info    | 1     | backup: adding to archive files 'array (
  0 => '/var/www/html/itop-web/data/tmp-backup-447456641/config-itop.php',
  1 => '/var/www/html/itop-web/data/tmp-backup-447456641/production-modules',
  2 => '/var/www/html/itop-web/data/tmp-backup-447456641/itop-dump.sql',
)' | IssueLog |||
2022-12-20 10:22:08 | Info    | 1     | backup: removing tmp folder '/var/www/html/itop-web/data/tmp-backup-447456641' | IssueLog |||
2022-12-21 11:44:04 | Info    | 1     | Creating backup: '/var/www/html/itop-web/data/backups/auto/itop_db-2022-12-21_11_44.tar.gz' | IssueLog |||
2022-12-21 11:44:04 | Info    | 1     | backup: creating tmp dir '/var/www/html/itop-web/data/tmp-backup-1740588271' | IssueLog |||
2022-12-21 11:44:04 | Info    | 1     | backup: adding resource '/var/www/html/itop-web/conf/production/config-itop.php' | IssueLog |||
2022-12-21 11:44:04 | Info    | 1     | backup: adding resource '/var/www/html/itop-web/data/production-modules/' | IssueLog |||
2022-12-21 11:44:04 | Info    | 1     | Starting backup of localhost/itop_db(suffix:'') | IssueLog |||
2022-12-21 11:44:04 | Info    | 1     | backup: generate data file with command: mysqldump --defaults-extra-file="/tmp/itop-mysqldump-bSApDH" --opt --skip-lock-tables --default-character-set=utf8mb4 --add-drop-database --single-transaction --host='localhost'  --port='3306' --user=xxxxx  --result-file='/var/www/html/itop-web/data/tmp-backup-1740588271/itop-dump.sql' 'itop_db'  | IssueLog |||
2022-12-21 11:44:05 | Info    | 1     | mysqldump said: mysqldump: Error: 'Access denied; you need (at least one of) the PROCESS privilege(s) for this operation' when trying to dump tablespaces | IssueLog |||
2022-12-21 11:44:05 | Info    | 1     | backup: adding to archive files 'array (
  0 => '/var/www/html/itop-web/data/tmp-backup-1740588271/config-itop.php',
  1 => '/var/www/html/itop-web/data/tmp-backup-1740588271/production-modules',
  2 => '/var/www/html/itop-web/data/tmp-backup-1740588271/itop-dump.sql',
)' | IssueLog |||
2022-12-21 11:44:06 | Info    | 1     | backup: removing tmp folder '/var/www/html/itop-web/data/tmp-backup-1740588271' | IssueLog |||
2022-12-22 11:00:17 | Info    | 1     | Creating backup: '/var/www/html/itop-web/data/backups/auto/itop_db-2022-12-22_11_00.tar.gz' | IssueLog |||
2022-12-22 11:00:17 | Info    | 1     | backup: creating tmp dir '/var/www/html/itop-web/data/tmp-backup-739023265' | IssueLog |||
2022-12-22 11:00:17 | Info    | 1     | backup: adding resource '/var/www/html/itop-web/conf/production/config-itop.php' | IssueLog |||
2022-12-22 11:00:17 | Info    | 1     | backup: adding resource '/var/www/html/itop-web/data/production-modules/' | IssueLog |||
2022-12-22 11:00:18 | Info    | 1     | Starting backup of localhost/itop_db(suffix:'') | IssueLog |||
2022-12-22 11:00:18 | Info    | 1     | backup: generate data file with command: mysqldump --defaults-extra-file="/tmp/itop-mysqldump-O329sF" --opt --skip-lock-tables --default-character-set=utf8mb4 --add-drop-database --single-transaction --host='localhost'  --port='3306' --user=xxxxx  --result-file='/var/www/html/itop-web/data/tmp-backup-739023265/itop-dump.sql' 'itop_db'  | IssueLog |||
2022-12-22 11:00:19 | Info    | 1     | mysqldump said: mysqldump: Error: 'Access denied; you need (at least one of) the PROCESS privilege(s) for this operation' when trying to dump tablespaces | IssueLog |||
2022-12-22 11:00:19 | Info    | 1     | backup: adding to archive files 'array (
  0 => '/var/www/html/itop-web/data/tmp-backup-739023265/config-itop.php',
  1 => '/var/www/html/itop-web/data/tmp-backup-739023265/production-modules',
  2 => '/var/www/html/itop-web/data/tmp-backup-739023265/itop-dump.sql',
)' | IssueLog |||
2022-12-22 11:00:19 | Info    | 1     | backup: removing tmp folder '/var/www/html/itop-web/data/tmp-backup-739023265' | IssueLog |||
2022-12-23 10:11:04 | Info    | 1     | Creating backup: '/var/www/html/itop-web/data/backups/auto/itop_db-2022-12-23_10_11.tar.gz' | IssueLog |||
2022-12-23 10:11:04 | Info    | 1     | backup: creating tmp dir '/var/www/html/itop-web/data/tmp-backup-1055200380' | IssueLog |||
2022-12-23 10:11:04 | Info    | 1     | backup: adding resource '/var/www/html/itop-web/conf/production/config-itop.php' | IssueLog |||
2022-12-23 10:11:04 | Info    | 1     | backup: adding resource '/var/www/html/itop-web/data/production-modules/' | IssueLog |||
2022-12-23 10:11:04 | Info    | 1     | Starting backup of localhost/itop_db(suffix:'') | IssueLog |||
2022-12-23 10:11:04 | Info    | 1     | backup: generate data file with command: mysqldump --defaults-extra-file="/tmp/itop-mysqldump-qdxWhX" --opt --skip-lock-tables --default-character-set=utf8mb4 --add-drop-database --single-transaction --host='localhost'  --port='3306' --user=xxxxx  --result-file='/var/www/html/itop-web/data/tmp-backup-1055200380/itop-dump.sql' 'itop_db'  | IssueLog |||
2022-12-23 10:11:06 | Info    | 1     | mysqldump said: mysqldump: Error: 'Access denied; you need (at least one of) the PROCESS privilege(s) for this operation' when trying to dump tablespaces | IssueLog |||
2022-12-23 10:11:06 | Info    | 1     | backup: adding to archive files 'array (
  0 => '/var/www/html/itop-web/data/tmp-backup-1055200380/config-itop.php',
  1 => '/var/www/html/itop-web/data/tmp-backup-1055200380/production-modules',
  2 => '/var/www/html/itop-web/data/tmp-backup-1055200380/itop-dump.sql',
)' | IssueLog |||
2022-12-23 10:11:06 | Info    | 1     | backup: removing tmp folder '/var/www/html/itop-web/data/tmp-backup-1055200380' | IssueLog |||
2022-12-24 18:22:21 | Info    | 1     | Creating backup: '/var/www/html/itop-web/data/backups/auto/itop_db-2022-12-24_18_22.tar.gz' | IssueLog |||
2022-12-24 18:22:21 | Info    | 1     | backup: creating tmp dir '/var/www/html/itop-web/data/tmp-backup-2043049180' | IssueLog |||
2022-12-24 18:22:21 | Info    | 1     | backup: adding resource '/var/www/html/itop-web/conf/production/config-itop.php' | IssueLog |||
2022-12-24 18:22:21 | Info    | 1     | backup: adding resource '/var/www/html/itop-web/data/production-modules/' | IssueLog |||
2022-12-24 18:22:35 | Info    | 1     | Starting backup of localhost/itop_db(suffix:'') | IssueLog |||
2022-12-24 18:22:35 | Info    | 1     | backup: generate data file with command: mysqldump --defaults-extra-file="/tmp/itop-mysqldump-3z6Esc" --opt --skip-lock-tables --default-character-set=utf8mb4 --add-drop-database --single-transaction --host='localhost'  --port='3306' --user=xxxxx  --result-file='/var/www/html/itop-web/data/tmp-backup-2043049180/itop-dump.sql' 'itop_db'  | IssueLog |||
2022-12-24 18:22:59 | Info    | 1     | mysqldump said: mysqldump: Error: 'Access denied; you need (at least one of) the PROCESS privilege(s) for this operation' when trying to dump tablespaces | IssueLog |||
2022-12-24 18:22:59 | Info    | 1     | backup: adding to archive files 'array (
  0 => '/var/www/html/itop-web/data/tmp-backup-2043049180/config-itop.php',
  1 => '/var/www/html/itop-web/data/tmp-backup-2043049180/production-modules',
  2 => '/var/www/html/itop-web/data/tmp-backup-2043049180/itop-dump.sql',
)' | IssueLog |||
2022-12-24 18:22:59 | Info    | 1     | backup: removing tmp folder '/var/www/html/itop-web/data/tmp-backup-2043049180' | IssueLog |||
2022-12-27 10:22:39 | Info    | 1     | Creating backup: '/var/www/html/itop-web/data/backups/auto/itop_db-2022-12-27_10_22.tar.gz' | IssueLog |||
2022-12-27 10:22:39 | Info    | 1     | backup: creating tmp dir '/var/www/html/itop-web/data/tmp-backup-1890485629' | IssueLog |||
2022-12-27 10:22:39 | Info    | 1     | backup: adding resource '/var/www/html/itop-web/conf/production/config-itop.php' | IssueLog |||
2022-12-27 10:22:39 | Info    | 1     | backup: adding resource '/var/www/html/itop-web/data/production-modules/' | IssueLog |||
2022-12-27 10:22:42 | Info    | 1     | Starting backup of localhost/itop_db(suffix:'') | IssueLog |||
2022-12-27 10:22:42 | Info    | 1     | backup: generate data file with command: mysqldump --defaults-extra-file="/tmp/itop-mysqldump-OVPMnw" --opt --skip-lock-tables --default-character-set=utf8mb4 --add-drop-database --single-transaction --host='localhost'  --port='3306' --user=xxxxx  --result-file='/var/www/html/itop-web/data/tmp-backup-1890485629/itop-dump.sql' 'itop_db'  | IssueLog |||
2022-12-27 10:23:10 | Info    | 1     | mysqldump said: mysqldump: Error: 'Access denied; you need (at least one of) the PROCESS privilege(s) for this operation' when trying to dump tablespaces | IssueLog |||
2022-12-27 10:23:10 | Info    | 1     | backup: adding to archive files 'array (
  0 => '/var/www/html/itop-web/data/tmp-backup-1890485629/config-itop.php',
  1 => '/var/www/html/itop-web/data/tmp-backup-1890485629/production-modules',
  2 => '/var/www/html/itop-web/data/tmp-backup-1890485629/itop-dump.sql',
)' | IssueLog |||
2022-12-27 10:23:10 | Info    | 1     | backup: removing tmp folder '/var/www/html/itop-web/data/tmp-backup-1890485629' | IssueLog |||
2022-12-28 10:55:39 | Info    | 1     | Creating backup: '/var/www/html/itop-web/data/backups/auto/itop_db-2022-12-28_10_55.tar.gz' | IssueLog |||
2022-12-28 10:55:39 | Info    | 1     | backup: creating tmp dir '/var/www/html/itop-web/data/tmp-backup-24985713' | IssueLog |||
2022-12-28 10:55:39 | Info    | 1     | backup: adding resource '/var/www/html/itop-web/conf/production/config-itop.php' | IssueLog |||
2022-12-28 10:55:39 | Info    | 1     | backup: adding resource '/var/www/html/itop-web/data/production-modules/' | IssueLog |||
2022-12-28 10:55:39 | Info    | 1     | Starting backup of localhost/itop_db(suffix:'') | IssueLog |||
2022-12-28 10:55:39 | Info    | 1     | backup: generate data file with command: mysqldump --defaults-extra-file="/tmp/itop-mysqldump-jxaTZc" --opt --skip-lock-tables --default-character-set=utf8mb4 --add-drop-database --single-transaction --host='localhost'  --port='3306' --user=xxxxx  --result-file='/var/www/html/itop-web/data/tmp-backup-24985713/itop-dump.sql' 'itop_db'  | IssueLog |||
2022-12-28 10:55:40 | Info    | 1     | mysqldump said: mysqldump: Error: 'Access denied; you need (at least one of) the PROCESS privilege(s) for this operation' when trying to dump tablespaces | IssueLog |||
2022-12-28 10:55:40 | Info    | 1     | backup: adding to archive files 'array (
  0 => '/var/www/html/itop-web/data/tmp-backup-24985713/config-itop.php',
  1 => '/var/www/html/itop-web/data/tmp-backup-24985713/production-modules',
  2 => '/var/www/html/itop-web/data/tmp-backup-24985713/itop-dump.sql',
)' | IssueLog |||
2022-12-28 10:55:40 | Info    | 1     | backup: removing tmp folder '/var/www/html/itop-web/data/tmp-backup-24985713' | IssueLog |||
2022-12-29 10:11:04 | Info    | 1     | Creating backup: '/var/www/html/itop-web/data/backups/auto/itop_db-2022-12-29_10_11.tar.gz' | IssueLog |||
2022-12-29 10:11:04 | Info    | 1     | backup: creating tmp dir '/var/www/html/itop-web/data/tmp-backup-95170861' | IssueLog |||
2022-12-29 10:11:04 | Info    | 1     | backup: adding resource '/var/www/html/itop-web/conf/production/config-itop.php' | IssueLog |||
2022-12-29 10:11:04 | Info    | 1     | backup: adding resource '/var/www/html/itop-web/data/production-modules/' | IssueLog |||
2022-12-29 10:11:04 | Info    | 1     | Starting backup of localhost/itop_db(suffix:'') | IssueLog |||
2022-12-29 10:11:04 | Info    | 1     | backup: generate data file with command: mysqldump --defaults-extra-file="/tmp/itop-mysqldump-uEpuxo" --opt --skip-lock-tables --default-character-set=utf8mb4 --add-drop-database --single-transaction --host='localhost'  --port='3306' --user=xxxxx  --result-file='/var/www/html/itop-web/data/tmp-backup-95170861/itop-dump.sql' 'itop_db'  | IssueLog |||
2022-12-29 10:11:06 | Info    | 1     | mysqldump said: mysqldump: Error: 'Access denied; you need (at least one of) the PROCESS privilege(s) for this operation' when trying to dump tablespaces | IssueLog |||
2022-12-29 10:11:06 | Info    | 1     | backup: adding to archive files 'array (
  0 => '/var/www/html/itop-web/data/tmp-backup-95170861/config-itop.php',
  1 => '/var/www/html/itop-web/data/tmp-backup-95170861/production-modules',
  2 => '/var/www/html/itop-web/data/tmp-backup-95170861/itop-dump.sql',
)' | IssueLog |||
2022-12-29 10:11:06 | Info    | 1     | backup: removing tmp folder '/var/www/html/itop-web/data/tmp-backup-95170861' | IssueLog |||
2022-12-30 10:44:05 | Info    | 1     | Creating backup: '/var/www/html/itop-web/data/backups/auto/itop_db-2022-12-30_10_44.tar.gz' | IssueLog |||
2022-12-30 10:44:05 | Info    | 1     | backup: creating tmp dir '/var/www/html/itop-web/data/tmp-backup-1643884883' | IssueLog |||
2022-12-30 10:44:05 | Info    | 1     | backup: adding resource '/var/www/html/itop-web/conf/production/config-itop.php' | IssueLog |||
2022-12-30 10:44:05 | Info    | 1     | backup: adding resource '/var/www/html/itop-web/data/production-modules/' | IssueLog |||
2022-12-30 10:44:05 | Info    | 1     | Starting backup of localhost/itop_db(suffix:'') | IssueLog |||
2022-12-30 10:44:05 | Info    | 1     | backup: generate data file with command: mysqldump --defaults-extra-file="/tmp/itop-mysqldump-MHdu9D" --opt --skip-lock-tables --default-character-set=utf8mb4 --add-drop-database --single-transaction --host='localhost'  --port='3306' --user=xxxxx  --result-file='/var/www/html/itop-web/data/tmp-backup-1643884883/itop-dump.sql' 'itop_db'  | IssueLog |||
2022-12-30 10:44:06 | Info    | 1     | mysqldump said: mysqldump: Error: 'Access denied; you need (at least one of) the PROCESS privilege(s) for this operation' when trying to dump tablespaces | IssueLog |||
2022-12-30 10:44:06 | Info    | 1     | backup: adding to archive files 'array (
  0 => '/var/www/html/itop-web/data/tmp-backup-1643884883/config-itop.php',
  1 => '/var/www/html/itop-web/data/tmp-backup-1643884883/production-modules',
  2 => '/var/www/html/itop-web/data/tmp-backup-1643884883/itop-dump.sql',
)' | IssueLog |||
2022-12-30 10:44:07 | Info    | 1     | backup: removing tmp folder '/var/www/html/itop-web/data/tmp-backup-1643884883' | IssueLog |||
2022-12-30 17:35:18 | Error   | 1     | MySQL server has gone away: query = COMMIT, mysql_errno = 2006, mysql_error = MySQL server has gone away | IssueLog |||
2022-12-30 17:35:18 | Error   | 1     | No Transaction ROLLBACK From /var/www/html/itop-web/core/dbobject.class.php(3314): DBObject->DBUpdate() | cmdbsource |||
2022-12-30 17:35:18 | Error   | 1     | MySQL server has gone away: query = START TRANSACTION, mysql_errno = 2006, mysql_error = MySQL server has gone away | IssueLog |||
2022-12-30 17:35:18 | Error   | 1     | No Transaction ROLLBACK From /var/www/html/itop-web/core/dbobject.class.php(3314): DBObject->DBUpdate() | cmdbsource |||
2022-12-31 12:22:16 | Info    | 1     | Creating backup: '/var/www/html/itop-web/data/backups/auto/itop_db-2022-12-31_12_22.tar.gz' | IssueLog |||
2022-12-31 12:22:16 | Info    | 1     | backup: creating tmp dir '/var/www/html/itop-web/data/tmp-backup-1941706860' | IssueLog |||
2022-12-31 12:22:16 | Info    | 1     | backup: adding resource '/var/www/html/itop-web/conf/production/config-itop.php' | IssueLog |||
2022-12-31 12:22:16 | Info    | 1     | backup: adding resource '/var/www/html/itop-web/data/production-modules/' | IssueLog |||
2022-12-31 12:22:19 | Info    | 1     | Starting backup of localhost/itop_db(suffix:'') | IssueLog |||
2022-12-31 12:22:19 | Info    | 1     | backup: generate data file with command: mysqldump --defaults-extra-file="/tmp/itop-mysqldump-shP5Ka" --opt --skip-lock-tables --default-character-set=utf8mb4 --add-drop-database --single-transaction --host='localhost'  --port='3306' --user=xxxxx  --result-file='/var/www/html/itop-web/data/tmp-backup-1941706860/itop-dump.sql' 'itop_db'  | IssueLog |||
2022-12-31 12:22:49 | Info    | 1     | mysqldump said: mysqldump: Error: 'Access denied; you need (at least one of) the PROCESS privilege(s) for this operation' when trying to dump tablespaces | IssueLog |||
2022-12-31 12:22:49 | Info    | 1     | backup: adding to archive files 'array (
  0 => '/var/www/html/itop-web/data/tmp-backup-1941706860/config-itop.php',
  1 => '/var/www/html/itop-web/data/tmp-backup-1941706860/production-modules',
  2 => '/var/www/html/itop-web/data/tmp-backup-1941706860/itop-dump.sql',
)' | IssueLog |||
2022-12-31 12:22:49 | Info    | 1     | backup: removing tmp folder '/var/www/html/itop-web/data/tmp-backup-1941706860' | IssueLog |||
