2022-07-26 12:42:15 | Info    | 1     | Backup starts... | SetupLog |||
2022-07-26 12:42:25 | Info    | 1     | Backup successfully completed. | SetupLog |||
2022-07-26 12:42:25 | Info    |       | Deployment starts... | SetupLog |||
2022-07-26 12:42:25 | Error   |       | SecurityException: Error detected during deployment!<br/>iTop configuration has NOT been modified.
Authentication failed for this action. | SetupLog |||
2022-07-26 12:42:25 | Error   |       | Debug trace: #0 /var/www/html/web/pages/exec.php(65): require_once()
#1 {main} | SetupLog |||
2022-07-27 13:32:55 | Warning |       | CompileThemes: Theme #test-red has an import (#css-variables) without explicit xsi:type, it will be ignored. Check Datamodel XML Reference to fix it. | SetupLog |||
2022-07-27 13:32:55 | Warning |       | CompileThemes: Theme #light-grey has an import (#css-variables) without explicit xsi:type, it will be ignored. Check Datamodel XML Reference to fix it. | SetupLog |||
2022-07-27 13:32:55 | Info    |       | For theme 'darkmoon' precompiled file used: '/var/www/html/web/data/precompiled_styles/darkmoon.css' | SetupLog |||
2022-07-27 13:32:56 | Warning |       | Cannot find /var/www/html/web/env-production/branding/themes/darkmoon/images/arrow.png (images/arrow.png) during SCSS darkmoon precompilation | SetupLog |||
2022-07-27 13:32:56 | Info    |       | No theme 'darkmoon' compilation was required during setup. | SetupLog |||
2022-07-27 13:32:56 | Info    |       | For theme 'fullmoon' precompiled file used: '/var/www/html/web/data/precompiled_styles/fullmoon.css' | SetupLog |||
2022-07-27 13:32:56 | Info    |       | No theme 'fullmoon' compilation was required during setup. | SetupLog |||
2022-07-27 13:32:56 | Info    |       | For theme 'test-red' precompiled file used: '/var/www/html/web/data/precompiled_styles/test-red.css' | SetupLog |||
2022-07-27 13:32:56 | Info    |       | No theme 'test-red' compilation was required during setup. | SetupLog |||
2022-07-27 13:32:56 | Info    |       | For theme 'light-grey' precompiled file used: '/var/www/html/web/data/precompiled_styles/light-grey.css' | SetupLog |||
2022-07-27 13:32:56 | Info    |       | No theme 'light-grey' compilation was required during setup. | SetupLog |||
2022-07-28 06:40:27 | Info    | 1     | Backup starts... | SetupLog |||
2022-07-28 06:40:29 | Info    | 1     | Backup successfully completed. | SetupLog |||
2022-07-28 06:40:29 | Info    |       | Deployment starts... | SetupLog |||
2022-07-28 06:40:30 | Info    |       | ----> Entering maintenance mode | SetupLog |||
2022-07-28 06:40:34 | Warning |       | CompileThemes: Theme #test-red has an import (#css-variables) without explicit xsi:type, it will be ignored. Check Datamodel XML Reference to fix it. | SetupLog |||
2022-07-28 06:40:34 | Warning |       | CompileThemes: Theme #light-grey has an import (#css-variables) without explicit xsi:type, it will be ignored. Check Datamodel XML Reference to fix it. | SetupLog |||
2022-07-28 06:40:34 | Info    |       | For theme 'darkmoon' precompiled file used: '/var/www/html/itop-web/data/precompiled_styles/darkmoon.css' | SetupLog |||
2022-07-28 06:40:34 | Warning |       | Cannot find /var/www/html/itop-web/env-production/branding/themes/darkmoon/images/arrow.png (images/arrow.png) during SCSS darkmoon precompilation | SetupLog |||
2022-07-28 06:40:34 | Info    |       | No theme 'darkmoon' compilation was required during setup. | SetupLog |||
2022-07-28 06:40:34 | Info    |       | For theme 'fullmoon' precompiled file used: '/var/www/html/itop-web/data/precompiled_styles/fullmoon.css' | SetupLog |||
2022-07-28 06:40:34 | Info    |       | No theme 'fullmoon' compilation was required during setup. | SetupLog |||
2022-07-28 06:40:34 | Info    |       | For theme 'test-red' precompiled file used: '/var/www/html/itop-web/data/precompiled_styles/test-red.css' | SetupLog |||
2022-07-28 06:40:34 | Info    |       | No theme 'test-red' compilation was required during setup. | SetupLog |||
2022-07-28 06:40:34 | Info    |       | For theme 'light-grey' precompiled file used: '/var/www/html/itop-web/data/precompiled_styles/light-grey.css' | SetupLog |||
2022-07-28 06:40:34 | Info    |       | No theme 'light-grey' compilation was required during setup. | SetupLog |||
2022-07-28 06:40:34 | Info    |       | <---- Exiting maintenance mode | SetupLog |||
2022-07-28 06:40:34 | Info    |       | MetaModel::Startup from /var/www/html/itop-web/conf/production/config-itop.php (ModelOnly = 1) | SetupLog |||
2022-07-28 06:40:34 | Info    |       | Compilation completed... | SetupLog |||
2022-07-28 06:40:35 | Info    |       | Move to production starts... | SetupLog |||
2022-07-28 06:40:35 | Info    |       | ----> Entering read only mode | SetupLog |||
2022-07-28 06:40:35 | Info    |       | MetaModel::Startup from /var/www/html/itop-web/conf/production/config-itop.php (ModelOnly = 1) | SetupLog |||
2022-07-28 06:40:35 | Info    |       | Calling Module Handler: AuthentLDAPInstaller::BeforeDatabaseCreation(oConfig, 3.0.1, 3.0.1) | SetupLog |||
2022-07-28 06:40:35 | Info    |       | Calling Module Handler: AttachmentInstaller::BeforeDatabaseCreation(oConfig, 3.0.1, 3.0.1) | SetupLog |||
2022-07-28 06:40:35 | Info    |       | No orphan attachment found. | SetupLog |||
2022-07-28 06:40:35 | Info    |       | Calling Module Handler: StructureInstaller::BeforeDatabaseCreation(oConfig, 3.0.1, 3.0.1) | SetupLog |||
2022-07-28 06:40:35 | Info    |       | Renaming class in DB - final class from 'DBserver' to 'DBServer': 0 rows affected | SetupLog |||
2022-07-28 06:40:35 | Info    |       | Renaming class in DB - final class from 'OSfamily' to 'OSFamily': 0 rows affected | SetupLog |||
2022-07-28 06:40:35 | Info    |       | Renaming class in DB - final class from 'OSversion' to 'OSVersion': 0 rows affected | SetupLog |||
2022-07-28 06:40:35 | Info    |       | Renaming class in DB - final class from 'Webserver' to 'WebServer': 0 rows affected | SetupLog |||
2022-07-28 06:40:35 | Info    |       | Renaming class in DB - final class from 'OSpatch' to 'OSPatch': 0 rows affected | SetupLog |||
2022-07-28 06:40:35 | Info    |       | Renaming class in DB - final class from 'OsLicence' to 'OSLicence': 0 rows affected | SetupLog |||
2022-07-28 06:40:35 | Info    |       | Renaming class in DB - final class from 'IOSversion' to 'IOSVersion': 0 rows affected | SetupLog |||
2022-07-28 06:40:35 | Info    |       | Renaming class in DB - final class from 'IPinterface' to 'IPInterface': 0 rows affected | SetupLog |||
2022-07-28 06:40:35 | Info    |       | Calling Module Handler: TicketsInstaller::BeforeDatabaseCreation(oConfig, 3.0.1, 3.0.1) | SetupLog |||
2022-07-28 06:40:35 | Info    |       | Calling Module Handler: ConfigMgmtInstaller::BeforeDatabaseCreation(oConfig, 3.0.1, 3.0.1) | SetupLog |||
2022-07-28 06:40:35 | Info    |       | Renaming class in DB - final class from 'DBserver' to 'DBServer': 0 rows affected | SetupLog |||
2022-07-28 06:40:35 | Info    |       | Renaming class in DB - final class from 'OSfamily' to 'OSFamily': 0 rows affected | SetupLog |||
2022-07-28 06:40:35 | Info    |       | Renaming class in DB - final class from 'OSversion' to 'OSVersion': 0 rows affected | SetupLog |||
2022-07-28 06:40:35 | Info    |       | Renaming class in DB - final class from 'Webserver' to 'WebServer': 0 rows affected | SetupLog |||
2022-07-28 06:40:35 | Info    |       | Renaming class in DB - final class from 'OSpatch' to 'OSPatch': 0 rows affected | SetupLog |||
2022-07-28 06:40:35 | Info    |       | Renaming class in DB - final class from 'OsLicence' to 'OSLicence': 0 rows affected | SetupLog |||
2022-07-28 06:40:35 | Info    |       | Renaming class in DB - final class from 'IOSversion' to 'IOSVersion': 0 rows affected | SetupLog |||
2022-07-28 06:40:35 | Info    |       | Renaming class in DB - final class from 'IPinterface' to 'IPInterface': 0 rows affected | SetupLog |||
2022-07-28 06:40:35 | Info    |       | Calling Module Handler: EndUserMgmtInstaller::BeforeDatabaseCreation(oConfig, 3.0.1, 3.0.1) | SetupLog |||
2022-07-28 06:40:35 | Info    |       | Renaming class in DB - final class from 'IpPhone' to 'IPPhone': 0 rows affected | SetupLog |||
2022-07-28 06:40:35 | Info    |       | Calling Module Handler: FAQLightInstaller::BeforeDatabaseCreation(oConfig, 3.0.1, 3.0.1) | SetupLog |||
2022-07-28 06:40:35 | Info    |       | Calling Module Handler: ServiceMgmtProviderInstaller::BeforeDatabaseCreation(oConfig, 3.0.1, 3.0.1) | SetupLog |||
2022-07-28 06:40:35 | Info    |       | Calling Module Handler: StorageMgmtInstaller::BeforeDatabaseCreation(oConfig, 3.0.1, 3.0.1) | SetupLog |||
2022-07-28 06:40:35 | Info    |       | Calling Module Handler: CoverageWindowInstaller::BeforeDatabaseCreation(oConfig, , 2.4.0) | SetupLog |||
2022-07-28 06:40:35 | Info    |       | Calling Module Handler: CoverageWindowComputationInstaller::BeforeDatabaseCreation(oConfig, , 2.0.7) | SetupLog |||
2022-07-28 06:40:35 | Info    |       | Creating the structure in 'itop_db'. | SetupLog |||
2022-07-28 06:42:45 | Info    |       | 0.590s - query: ALTER DATABASE CHARACTER SET utf8mb4 COLLATE utf8mb4_unicode_ci;  | SetupLog |||
2022-07-28 06:42:47 | Info    |       | 2.042s - query: CREATE TABLE `coverage_windows` (`id` INT(11) NOT NULL AUTO_INCREMENT PRIMARY KEY, `name` VARCHAR(255) CHARACTER SET utf8mb4 COLLATE utf8mb4_unicode_ci DEFAULT '', INDEX `name` (`name` (95)), `description` TEXT CHARACTER SET utf8mb4 COLLATE utf8mb4_unicode_ci) ENGINE = innodb CHARACTER SET utf8mb4 COLLATE utf8mb4_unicode_ci  | SetupLog |||
2022-07-28 06:42:51 | Info    |       | 3.346s - query: CREATE TABLE `coverage_windows_interval` (`id` INT(11) NOT NULL AUTO_INCREMENT PRIMARY KEY, `coverage_window_id` INT(11) DEFAULT 0, INDEX `coverage_window_id` (`coverage_window_id`), `weekday` ENUM('friday','monday','saturday','sunday','thursday','tuesday','wednesday') CHARACTER SET utf8mb4 COLLATE utf8mb4_unicode_ci DEFAULT 'monday', INDEX `weekday` (`weekday`), `start_time` VARCHAR(255) CHARACTER SET utf8mb4 COLLATE utf8mb4_unicode_ci DEFAULT '', INDEX `start_time` (`start_time` (95)), `end_time` VARCHAR(255) CHARACTER SET utf8mb4 COLLATE utf8mb4_unicode_ci DEFAULT '') ENGINE = innodb CHARACTER SET utf8mb4 COLLATE utf8mb4_unicode_ci  | SetupLog |||
2022-07-28 06:42:53 | Info    |       | 2.436s - query: CREATE TABLE `holidays` (`id` INT(11) NOT NULL AUTO_INCREMENT PRIMARY KEY, `name` VARCHAR(255) CHARACTER SET utf8mb4 COLLATE utf8mb4_unicode_ci DEFAULT '', INDEX `name` (`name` (95)), `date` DATE, `calendar_id` INT(11) DEFAULT 0, INDEX `calendar_id` (`calendar_id`)) ENGINE = innodb CHARACTER SET utf8mb4 COLLATE utf8mb4_unicode_ci  | SetupLog |||
2022-07-28 06:42:55 | Info    |       | 2.119s - query: CREATE TABLE `holiday_calendar` (`id` INT(11) NOT NULL AUTO_INCREMENT PRIMARY KEY, `name` VARCHAR(255) CHARACTER SET utf8mb4 COLLATE utf8mb4_unicode_ci DEFAULT '', INDEX `name` (`name` (95))) ENGINE = innodb CHARACTER SET utf8mb4 COLLATE utf8mb4_unicode_ci  | SetupLog |||
2022-07-28 06:42:56 | Info    |       | 0.533s - query: ALTER TABLE `priv_user` CHANGE `contactid` `contactid` INT(11) DEFAULT 0  | SetupLog |||
2022-07-28 06:42:56 | Info    |       | 0.579s - query: ALTER TABLE `priv_async_task` CHANGE `event_id` `event_id` INT(11) DEFAULT 0, CHANGE `remaining_retries` `remaining_retries` INT(11) DEFAULT 0, CHANGE `last_error_code` `last_error_code` INT(11) DEFAULT 0  | SetupLog |||
2022-07-28 06:42:57 | Info    |       | 0.507s - query: ALTER TABLE `priv_async_send_email` CHANGE `version` `version` INT(11) DEFAULT 1  | SetupLog |||
2022-07-28 06:42:57 | Info    |       | 0.609s - query: ALTER TABLE `priv_change` CHANGE `user_id` `user_id` INT(11) DEFAULT 0  | SetupLog |||
2022-07-28 06:42:58 | Info    |       | 0.485s - query: ALTER TABLE `priv_changeop` CHANGE `changeid` `changeid` INT(11) DEFAULT 0, CHANGE `objkey` `objkey` INT(11) DEFAULT 0  | SetupLog |||
2022-07-28 06:42:58 | Info    |       | 0.497s - query: ALTER TABLE `priv_changeop_setatt_log` CHANGE `lastentry` `lastentry` INT(11) DEFAULT 0  | SetupLog |||
2022-07-28 06:42:59 | Info    |       | 0.497s - query: ALTER TABLE `priv_changeop_links` CHANGE `item_id` `item_id` INT(11) DEFAULT 0  | SetupLog |||
2022-07-28 06:42:59 | Info    |       | 0.669s - query: ALTER TABLE `priv_changeop_links_tune` CHANGE `link_id` `link_id` INT(11) DEFAULT 0  | SetupLog |||
2022-07-28 06:43:00 | Info    |       | 0.700s - query: ALTER TABLE `priv_module_install` CHANGE `parent_id` `parent_id` INT(11) DEFAULT 0  | SetupLog |||
2022-07-28 06:43:01 | Info    |       | 0.486s - query: ALTER TABLE `priv_app_dashboards` CHANGE `user_id` `user_id` INT(11) DEFAULT 0  | SetupLog |||
2022-07-28 06:43:01 | Info    |       | 0.541s - query: ALTER TABLE `priv_shortcut` CHANGE `user_id` `user_id` INT(11) DEFAULT 0  | SetupLog |||
2022-07-28 06:43:02 | Info    |       | 0.496s - query: ALTER TABLE `priv_shortcut_oql` CHANGE `auto_reload_sec` `auto_reload_sec` INT(11) DEFAULT 60  | SetupLog |||
2022-07-28 06:43:03 | Info    |       | 0.792s - query: ALTER TABLE `priv_app_preferences` CHANGE `userid` `userid` INT(11) DEFAULT 0  | SetupLog |||
2022-07-28 06:43:03 | Info    |       | 0.816s - query: ALTER TABLE `priv_auditrule` CHANGE `category_id` `category_id` INT(11) DEFAULT 0  | SetupLog |||
2022-07-28 06:43:04 | Info    |       | 1.126s - query: ALTER TABLE `priv_event_notification` CHANGE `trigger_id` `trigger_id` INT(11) DEFAULT 0, CHANGE `action_id` `action_id` INT(11) DEFAULT 0, CHANGE `object_id` `object_id` INT(11) DEFAULT 0  | SetupLog |||
2022-07-28 06:43:05 | Info    |       | 0.575s - query: ALTER TABLE `priv_event_restservice` CHANGE `code` `code` INT(11) DEFAULT 0  | SetupLog |||
2022-07-28 06:43:06 | Info    |       | 0.485s - query: ALTER TABLE `priv_event_loginusage` CHANGE `user_id` `user_id` INT(11) DEFAULT 0  | SetupLog |||
2022-07-28 06:43:06 | Info    |       | 0.967s - query: ALTER TABLE `priv_event_onobject` CHANGE `obj_key` `obj_key` INT(11)  | SetupLog |||
2022-07-28 06:43:07 | Info    |       | 0.586s - query: ALTER TABLE `priv_link_action_trigger` CHANGE `action_id` `action_id` INT(11) DEFAULT 0, CHANGE `trigger_id` `trigger_id` INT(11) DEFAULT 0, CHANGE `order` `order` INT(11) DEFAULT 0  | SetupLog |||
2022-07-28 06:43:08 | Info    |       | 0.485s - query: ALTER TABLE `priv_bulk_export_result` CHANGE `user_id` `user_id` INT(11) DEFAULT 0, CHANGE `chunk_size` `chunk_size` INT(11) DEFAULT 0  | SetupLog |||
2022-07-28 06:43:08 | Info    |       | 0.552s - query: ALTER TABLE `priv_ownership_token` CHANGE `obj_key` `obj_key` INT(11), CHANGE `user_id` `user_id` INT(11) DEFAULT 0  | SetupLog |||
2022-07-28 06:43:09 | Info    |       | 0.819s - query: ALTER TABLE `priv_sync_datasource` CHANGE `user_id` `user_id` INT(11) DEFAULT 0, CHANGE `notify_contact_id` `notify_contact_id` INT(11) DEFAULT 0, CHANGE `full_load_periodicity` `full_load_periodicity` INT(11) UNSIGNED, CHANGE `delete_policy_retention` `delete_policy_retention` INT(11) UNSIGNED  | SetupLog |||
2022-07-28 06:43:10 | Info    |       | 0.908s - query: ALTER TABLE `priv_sync_att` CHANGE `sync_source_id` `sync_source_id` INT(11) DEFAULT 0  | SetupLog |||
2022-07-28 06:43:10 | Info    |       | 0.495s - query: ALTER TABLE `priv_sync_att_linkset` CHANGE `attribute_qualifier` `attribute_qualifier` VARCHAR(255) CHARACTER SET utf8mb4 COLLATE utf8mb4_unicode_ci DEFAULT '\''  | SetupLog |||
2022-07-28 06:43:11 | Info    |       | 0.737s - query: ALTER TABLE `priv_sync_log` CHANGE `sync_source_id` `sync_source_id` INT(11) DEFAULT 0, CHANGE `status_curr_job` `status_curr_job` INT(11) DEFAULT 0, CHANGE `status_curr_pos` `status_curr_pos` INT(11) DEFAULT 0, CHANGE `stats_nb_replica_seen` `stats_nb_replica_seen` INT(11) DEFAULT 0, CHANGE `stats_nb_replica_total` `stats_nb_replica_total` INT(11) DEFAULT 0, CHANGE `stats_nb_obj_deleted` `stats_nb_obj_deleted` INT(11) DEFAULT 0, CHANGE `stats_deleted_errors` `stats_deleted_errors` INT(11) DEFAULT 0, CHANGE `stats_nb_obj_obsoleted` `stats_nb_obj_obsoleted` INT(11) DEFAULT 0, CHANGE `stats_nb_obj_obsoleted_errors` `stats_nb_obj_obsoleted_errors` INT(11) DEFAULT 0, CHANGE `stats_nb_obj_created` `stats_nb_obj_created` INT(11) DEFAULT 0, CHANGE `stats_nb_obj_created_errors` `stats_nb_obj_created_errors` INT(11) DEFAULT 0, CHANGE `stats_nb_obj_created_warnings` `stats_nb_obj_created_warnings` INT(11) DEFAULT 0, CHANGE `stats_nb_obj_updated` `stats_nb_obj_updated` INT(11) DEFAULT 0, CHANGE `stats_nb_obj_updated_errors` `stats_nb_obj_updated_errors` INT(11) DEFAULT 0, CHANGE `stats_nb_obj_updated_warnings` `stats_nb_obj_updated_warnings` INT(11) DEFAULT 0, CHANGE `stats_nb_obj_unchanged_warnings` `stats_nb_obj_unchanged_warnings` INT(11) DEFAULT 0, CHANGE `stats_nb_replica_reconciled_errors` `stats_nb_replica_reconciled_errors` INT(11) DEFAULT 0, CHANGE `stats_nb_replica_disappeared_no_action` `stats_nb_replica_disappeared_no_action` INT(11) DEFAULT 0, CHANGE `stats_nb_obj_new_updated` `stats_nb_obj_new_updated` INT(11) DEFAULT 0, CHANGE `stats_nb_obj_new_updated_warnings` `stats_nb_obj_new_updated_warnings` INT(11) DEFAULT 0, CHANGE `stats_nb_obj_new_unchanged` `stats_nb_obj_new_unchanged` INT(11) DEFAULT 0, CHANGE `stats_nb_obj_new_unchanged_warnings` `stats_nb_obj_new_unchanged_warnings` INT(11) DEFAULT 0, CHANGE `memory_usage_peak` `memory_usage_peak` INT(11) DEFAULT 0  | SetupLog |||
2022-07-28 06:43:12 | Info    |       | 0.505s - query: ALTER TABLE `priv_sync_replica` CHANGE `sync_source_id` `sync_source_id` INT(11) DEFAULT 0, CHANGE `dest_id` `dest_id` INT(11) DEFAULT 0  | SetupLog |||
2022-07-28 06:43:12 | Info    |       | 0.625s - query: ALTER TABLE `priv_backgroundtask` CHANGE `total_exec_count` `total_exec_count` INT(11) DEFAULT 0  | SetupLog |||
2022-07-28 06:43:13 | Info    |       | 0.519s - query: ALTER TABLE `inline_image` CHANGE `item_id` `item_id` INT(11) DEFAULT 0, CHANGE `item_org_id` `item_org_id` INT(11) DEFAULT 0  | SetupLog |||
2022-07-28 06:43:14 | Info    |       | 0.868s - query: ALTER TABLE `attachment` CHANGE `item_id` `item_id` INT(11) DEFAULT 0, CHANGE `item_org_id` `item_org_id` INT(11) DEFAULT 0, CHANGE `user_id` `user_id` INT(11) DEFAULT 0  | SetupLog |||
2022-07-28 06:43:15 | Info    |       | 0.994s - query: ALTER TABLE `priv_changeop_attachment_added` CHANGE `attachment_id` `attachment_id` INT(11) DEFAULT 0  | SetupLog |||
2022-07-28 06:43:15 | Info    |       | 0.863s - query: ALTER TABLE `organization` CHANGE `parent_id` `parent_id` INT(11) DEFAULT 0, CHANGE `parent_id_left` `parent_id_left` INT(11) DEFAULT 0, CHANGE `parent_id_right` `parent_id_right` INT(11) DEFAULT 0, CHANGE `deliverymodel_id` `deliverymodel_id` INT(11) DEFAULT 0  | SetupLog |||
2022-07-28 06:43:16 | Info    |       | 0.551s - query: ALTER TABLE `location` CHANGE `org_id` `org_id` INT(11) DEFAULT 0  | SetupLog |||
2022-07-28 06:43:17 | Info    |       | 0.647s - query: ALTER TABLE `contact` CHANGE `org_id` `org_id` INT(11) DEFAULT 0  | SetupLog |||
2022-07-28 06:43:17 | Info    |       | 0.391s - query: ALTER TABLE `person` CHANGE `location_id` `location_id` INT(11) DEFAULT 0, CHANGE `manager_id` `manager_id` INT(11) DEFAULT 0  | SetupLog |||
2022-07-28 06:43:18 | Info    |       | 0.529s - query: ALTER TABLE `lnkpersontoteam` CHANGE `team_id` `team_id` INT(11) DEFAULT 0, CHANGE `person_id` `person_id` INT(11) DEFAULT 0, CHANGE `role_id` `role_id` INT(11) DEFAULT 0  | SetupLog |||
2022-07-28 06:43:18 | Info    |       | 0.725s - query: ALTER TABLE `document` CHANGE `org_id` `org_id` INT(11) DEFAULT 0, CHANGE `documenttype_id` `documenttype_id` INT(11) DEFAULT 0  | SetupLog |||
2022-07-28 06:43:19 | Info    |       | 0.497s - query: ALTER TABLE `ticket` CHANGE `org_id` `org_id` INT(11) DEFAULT 0, CHANGE `caller_id` `caller_id` INT(11) DEFAULT 0, CHANGE `team_id` `team_id` INT(11) DEFAULT 0, CHANGE `agent_id` `agent_id` INT(11) DEFAULT 0  | SetupLog |||
2022-07-28 06:43:19 | Info    |       | 0.518s - query: ALTER TABLE `lnkcontacttoticket` CHANGE `ticket_id` `ticket_id` INT(11) DEFAULT 0, CHANGE `contact_id` `contact_id` INT(11) DEFAULT 0  | SetupLog |||
2022-07-28 06:43:20 | Info    |       | 0.701s - query: ALTER TABLE `workorder` CHANGE `ticket_id` `ticket_id` INT(11) DEFAULT 0, CHANGE `team_id` `team_id` INT(11) DEFAULT 0, CHANGE `owner_id` `owner_id` INT(11) DEFAULT 0  | SetupLog |||
2022-07-28 06:43:21 | Info    |       | 0.527s - query: ALTER TABLE `osversion` CHANGE `osfamily_id` `osfamily_id` INT(11) DEFAULT 0  | SetupLog |||
2022-07-28 06:43:21 | Info    |       | 0.588s - query: ALTER TABLE `model` CHANGE `brand_id` `brand_id` INT(11) DEFAULT 0  | SetupLog |||
2022-07-28 06:43:22 | Info    |       | 0.656s - query: ALTER TABLE `iosversion` CHANGE `brand_id` `brand_id` INT(11) DEFAULT 0  | SetupLog |||
2022-07-28 06:43:23 | Info    |       | 0.770s - query: ALTER TABLE `functionalci` CHANGE `org_id` `org_id` INT(11) DEFAULT 0  | SetupLog |||
2022-07-28 06:43:24 | Info    |       | 1.093s - query: ALTER TABLE `physicaldevice` CHANGE `location_id` `location_id` INT(11) DEFAULT 0, CHANGE `brand_id` `brand_id` INT(11) DEFAULT 0, CHANGE `model_id` `model_id` INT(11) DEFAULT 0  | SetupLog |||
2022-07-28 06:43:25 | Info    |       | 0.869s - query: ALTER TABLE `datacenterdevice` CHANGE `rack_id` `rack_id` INT(11) DEFAULT 0, CHANGE `enclosure_id` `enclosure_id` INT(11) DEFAULT 0, CHANGE `nb_u` `nb_u` INT(11), CHANGE `powera_id` `powera_id` INT(11) DEFAULT 0, CHANGE `powerB_id` `powerB_id` INT(11) DEFAULT 0  | SetupLog |||
2022-07-28 06:43:25 | Info    |       | 0.550s - query: ALTER TABLE `networkdevice` CHANGE `networkdevicetype_id` `networkdevicetype_id` INT(11) DEFAULT 0, CHANGE `iosversion_id` `iosversion_id` INT(11) DEFAULT 0  | SetupLog |||
2022-07-28 06:43:26 | Info    |       | 0.474s - query: ALTER TABLE `server` CHANGE `osfamily_id` `osfamily_id` INT(11) DEFAULT 0, CHANGE `osversion_id` `osversion_id` INT(11) DEFAULT 0, CHANGE `oslicence_id` `oslicence_id` INT(11) DEFAULT 0  | SetupLog |||
2022-07-28 06:43:26 | Info    |       | 0.680s - query: ALTER TABLE `softwareinstance` CHANGE `functionalci_id` `functionalci_id` INT(11) DEFAULT 0, CHANGE `software_id` `software_id` INT(11) DEFAULT 0, CHANGE `softwarelicence_id` `softwarelicence_id` INT(11) DEFAULT 0  | SetupLog |||
2022-07-28 06:43:27 | Info    |       | 0.701s - query: ALTER TABLE `middlewareinstance` CHANGE `middleware_id` `middleware_id` INT(11) DEFAULT 0  | SetupLog |||
2022-07-28 06:43:27 | Info    |       | 0.530s - query: ALTER TABLE `databaseschema` CHANGE `dbserver_id` `dbserver_id` INT(11) DEFAULT 0  | SetupLog |||
2022-07-28 06:43:28 | Info    |       | 0.680s - query: ALTER TABLE `webapplication` CHANGE `webserver_id` `webserver_id` INT(11) DEFAULT 0  | SetupLog |||
2022-07-28 06:43:29 | Info    |       | 0.496s - query: ALTER TABLE `ospatch` CHANGE `osversion_id` `osversion_id` INT(11) DEFAULT 0  | SetupLog |||
2022-07-28 06:43:29 | Info    |       | 0.541s - query: ALTER TABLE `softwarepatch` CHANGE `software_id` `software_id` INT(11) DEFAULT 0  | SetupLog |||
2022-07-28 06:43:30 | Info    |       | 0.488s - query: ALTER TABLE `licence` CHANGE `org_id` `org_id` INT(11) DEFAULT 0  | SetupLog |||
2022-07-28 06:43:31 | Info    |       | 1.136s - query: ALTER TABLE `oslicence` CHANGE `osversion_id` `osversion_id` INT(11) DEFAULT 0  | SetupLog |||
2022-07-28 06:43:32 | Info    |       | 1.095s - query: ALTER TABLE `softwarelicence` CHANGE `software_id` `software_id` INT(11) DEFAULT 0  | SetupLog |||
2022-07-28 06:43:32 | Info    |       | 0.529s - query: ALTER TABLE `lnkdocumenttolicence` CHANGE `licence_id` `licence_id` INT(11) DEFAULT 0, CHANGE `document_id` `document_id` INT(11) DEFAULT 0  | SetupLog |||
2022-07-28 06:43:33 | Info    |       | 0.508s - query: ALTER TABLE `lnkcontacttofunctionalci` CHANGE `functionalci_id` `functionalci_id` INT(11) DEFAULT 0, CHANGE `contact_id` `contact_id` INT(11) DEFAULT 0  | SetupLog |||
2022-07-28 06:43:34 | Info    |       | 1.010s - query: ALTER TABLE `lnkdocumenttopatch` CHANGE `patch_id` `patch_id` INT(11) DEFAULT 0, CHANGE `document_id` `document_id` INT(11) DEFAULT 0  | SetupLog |||
2022-07-28 06:43:34 | Info    |       | 0.564s - query: ALTER TABLE `lnksoftwareinstancetosoftwarepatch` CHANGE `softwarepatch_id` `softwarepatch_id` INT(11) DEFAULT 0, CHANGE `softwareinstance_id` `softwareinstance_id` INT(11) DEFAULT 0  | SetupLog |||
2022-07-28 06:43:35 | Info    |       | 0.486s - query: ALTER TABLE `lnkfunctionalcitoospatch` CHANGE `ospatch_id` `ospatch_id` INT(11) DEFAULT 0, CHANGE `functionalci_id` `functionalci_id` INT(11) DEFAULT 0  | SetupLog |||
2022-07-28 06:43:36 | Info    |       | 0.596s - query: ALTER TABLE `lnkdocumenttosoftware` CHANGE `software_id` `software_id` INT(11) DEFAULT 0, CHANGE `document_id` `document_id` INT(11) DEFAULT 0  | SetupLog |||
2022-07-28 06:43:37 | Info    |       | 1.315s - query: ALTER TABLE `lnkdocumenttofunctionalci` CHANGE `functionalci_id` `functionalci_id` INT(11) DEFAULT 0, CHANGE `document_id` `document_id` INT(11) DEFAULT 0  | SetupLog |||
2022-07-28 06:43:39 | Info    |       | 1.703s - query: ALTER TABLE `subnet` CHANGE `org_id` `org_id` INT(11) DEFAULT 0  | SetupLog |||
2022-07-28 06:43:39 | Info    |       | 0.574s - query: ALTER TABLE `vlan` CHANGE `org_id` `org_id` INT(11) DEFAULT 0  | SetupLog |||
2022-07-28 06:43:40 | Info    |       | 0.736s - query: ALTER TABLE `lnksubnettovlan` CHANGE `subnet_id` `subnet_id` INT(11) DEFAULT 0, CHANGE `vlan_id` `vlan_id` INT(11) DEFAULT 0  | SetupLog |||
2022-07-28 06:43:41 | Info    |       | 0.883s - query: ALTER TABLE `physicalinterface` CHANGE `connectableci_id` `connectableci_id` INT(11) DEFAULT 0  | SetupLog |||
2022-07-28 06:43:41 | Info    |       | 0.518s - query: ALTER TABLE `lnkphysicalinterfacetovlan` CHANGE `physicalinterface_id` `physicalinterface_id` INT(11) DEFAULT 0, CHANGE `vlan_id` `vlan_id` INT(11) DEFAULT 0  | SetupLog |||
2022-07-28 06:43:42 | Info    |       | 0.532s - query: ALTER TABLE `lnkconnectablecitonetworkdevice` CHANGE `networkdevice_id` `networkdevice_id` INT(11) DEFAULT 0, CHANGE `connectableci_id` `connectableci_id` INT(11) DEFAULT 0  | SetupLog |||
2022-07-28 06:43:42 | Info    |       | 0.551s - query: ALTER TABLE `lnkapplicationsolutiontofunctionalci` CHANGE `applicationsolution_id` `applicationsolution_id` INT(11) DEFAULT 0, CHANGE `functionalci_id` `functionalci_id` INT(11) DEFAULT 0  | SetupLog |||
2022-07-28 06:43:43 | Info    |       | 0.631s - query: ALTER TABLE `lnkapplicationsolutiontobusinessprocess` CHANGE `businessprocess_id` `businessprocess_id` INT(11) DEFAULT 0, CHANGE `applicationsolution_id` `applicationsolution_id` INT(11) DEFAULT 0  | SetupLog |||
2022-07-28 06:43:44 | Info    |       | 0.519s - query: ALTER TABLE `group` CHANGE `org_id` `org_id` INT(11) DEFAULT 0, CHANGE `parent_id` `parent_id` INT(11) DEFAULT 0, CHANGE `parent_id_left` `parent_id_left` INT(11) DEFAULT 0, CHANGE `parent_id_right` `parent_id_right` INT(11) DEFAULT 0  | SetupLog |||
2022-07-28 06:43:44 | Info    |       | 0.795s - query: ALTER TABLE `lnkgrouptoci` CHANGE `group_id` `group_id` INT(11) DEFAULT 0, CHANGE `ci_id` `ci_id` INT(11) DEFAULT 0  | SetupLog |||
2022-07-28 06:43:45 | Info    |       | 0.606s - query: ALTER TABLE `rack` CHANGE `nb_u` `nb_u` INT(11)  | SetupLog |||
2022-07-28 06:43:46 | Info    |       | 0.652s - query: ALTER TABLE `enclosure` CHANGE `rack_id` `rack_id` INT(11) DEFAULT 0, CHANGE `nb_u` `nb_u` INT(11)  | SetupLog |||
2022-07-28 06:43:46 | Info    |       | 0.696s - query: ALTER TABLE `pdu` CHANGE `rack_id` `rack_id` INT(11) DEFAULT 0, CHANGE `powerstart_id` `powerstart_id` INT(11) DEFAULT 0  | SetupLog |||
2022-07-28 06:43:47 | Info    |       | 0.608s - query: ALTER TABLE `pc` CHANGE `osfamily_id` `osfamily_id` INT(11) DEFAULT 0, CHANGE `osversion_id` `osversion_id` INT(11) DEFAULT 0  | SetupLog |||
2022-07-28 06:43:48 | Info    |       | 1.001s - query: ALTER TABLE `faq` CHANGE `category_id` `category_id` INT(11) DEFAULT 0  | SetupLog |||
2022-07-28 06:43:56 | Info    |       | 7.922s - query: ALTER TABLE `ticket_incident` CHANGE `origin` `origin` ENUM('chat boat','mail','monitoring','phone','portal') CHARACTER SET utf8mb4 COLLATE utf8mb4_unicode_ci DEFAULT 'phone', CHANGE `service_id` `service_id` INT(11) DEFAULT 0, CHANGE `servicesubcategory_id` `servicesubcategory_id` INT(11) DEFAULT 0, CHANGE `cumulatedpending_timespent` `cumulatedpending_timespent` INT(11) UNSIGNED, CHANGE `tto_timespent` `tto_timespent` INT(11) UNSIGNED, CHANGE `tto_75_passed` `tto_75_passed` TINYINT(1) UNSIGNED, CHANGE `tto_75_overrun` `tto_75_overrun` INT(11) UNSIGNED, CHANGE `tto_100_passed` `tto_100_passed` TINYINT(1) UNSIGNED, CHANGE `tto_100_overrun` `tto_100_overrun` INT(11) UNSIGNED, CHANGE `ttr_timespent` `ttr_timespent` INT(11) UNSIGNED, CHANGE `ttr_75_passed` `ttr_75_passed` TINYINT(1) UNSIGNED, CHANGE `ttr_75_overrun` `ttr_75_overrun` INT(11) UNSIGNED, CHANGE `ttr_100_passed` `ttr_100_passed` TINYINT(1) UNSIGNED, CHANGE `ttr_100_overrun` `ttr_100_overrun` INT(11) UNSIGNED, CHANGE `time_spent` `time_spent` INT(11) UNSIGNED, CHANGE `parent_incident_id` `parent_incident_id` INT(11) DEFAULT 0, CHANGE `parent_problem_id` `parent_problem_id` INT(11) DEFAULT 0, CHANGE `parent_change_id` `parent_change_id` INT(11) DEFAULT 0  | SetupLog |||
2022-07-28 06:43:56 | Info    |       | 0.596s - query: ALTER TABLE `knownerror` CHANGE `cust_id` `cust_id` INT(11) DEFAULT 0, CHANGE `problem_id` `problem_id` INT(11) DEFAULT 0  | SetupLog |||
2022-07-28 06:43:57 | Info    |       | 0.484s - query: ALTER TABLE `lnkerrortofunctionalci` CHANGE `functionalci_id` `functionalci_id` INT(11) DEFAULT 0, CHANGE `error_id` `error_id` INT(11) DEFAULT 0  | SetupLog |||
2022-07-28 06:43:57 | Info    |       | 0.541s - query: ALTER TABLE `lnkdocumenttoerror` CHANGE `document_id` `document_id` INT(11) DEFAULT 0, CHANGE `error_id` `error_id` INT(11) DEFAULT 0  | SetupLog |||
2022-07-28 06:43:58 | Info    |       | 0.486s - query: ALTER TABLE `ticket_problem` CHANGE `service_id` `service_id` INT(11) DEFAULT 0, CHANGE `servicesubcategory_id` `servicesubcategory_id` INT(11) DEFAULT 0, CHANGE `related_change_id` `related_change_id` INT(11) DEFAULT 0  | SetupLog |||
2022-07-28 06:44:07 | Info    |       | 9.327s - query: ALTER TABLE `ticket_request` CHANGE `origin` `origin` ENUM('chat boat','mail','phone','portal') CHARACTER SET utf8mb4 COLLATE utf8mb4_unicode_ci DEFAULT 'phone', CHANGE `approver_id` `approver_id` INT(11) DEFAULT 0, CHANGE `service_id` `service_id` INT(11) DEFAULT 0, CHANGE `servicesubcategory_id` `servicesubcategory_id` INT(11) DEFAULT 0, CHANGE `cumulatedpending_timespent` `cumulatedpending_timespent` INT(11) UNSIGNED, CHANGE `tto_timespent` `tto_timespent` INT(11) UNSIGNED, CHANGE `tto_75_passed` `tto_75_passed` TINYINT(1) UNSIGNED, CHANGE `tto_75_overrun` `tto_75_overrun` INT(11) UNSIGNED, CHANGE `tto_100_passed` `tto_100_passed` TINYINT(1) UNSIGNED, CHANGE `tto_100_overrun` `tto_100_overrun` INT(11) UNSIGNED, CHANGE `ttr_timespent` `ttr_timespent` INT(11) UNSIGNED, CHANGE `ttr_75_passed` `ttr_75_passed` TINYINT(1) UNSIGNED, CHANGE `ttr_75_overrun` `ttr_75_overrun` INT(11) UNSIGNED, CHANGE `ttr_100_passed` `ttr_100_passed` TINYINT(1) UNSIGNED, CHANGE `ttr_100_overrun` `ttr_100_overrun` INT(11) UNSIGNED, CHANGE `time_spent` `time_spent` INT(11) UNSIGNED, CHANGE `parent_request_id` `parent_request_id` INT(11) DEFAULT 0, CHANGE `parent_incident_id` `parent_incident_id` INT(11) DEFAULT 0, CHANGE `parent_problem_id` `parent_problem_id` INT(11) DEFAULT 0, CHANGE `parent_change_id` `parent_change_id` INT(11) DEFAULT 0  | SetupLog |||
2022-07-28 06:44:08 | Info    |       | 0.872s - query: ALTER TABLE `contract` CHANGE `org_id` `org_id` INT(11) DEFAULT 0, CHANGE `contracttype_id` `contracttype_id` INT(11) DEFAULT 0, CHANGE `provider_id` `provider_id` INT(11) DEFAULT 0  | SetupLog |||
2022-07-28 06:44:09 | Info    |       | 0.445s - query: ALTER TABLE `lnkcontacttocontract` CHANGE `contract_id` `contract_id` INT(11) DEFAULT 0, CHANGE `contact_id` `contact_id` INT(11) DEFAULT 0  | SetupLog |||
2022-07-28 06:44:09 | Info    |       | 0.519s - query: ALTER TABLE `lnkcontracttodocument` CHANGE `contract_id` `contract_id` INT(11) DEFAULT 0, CHANGE `document_id` `document_id` INT(11) DEFAULT 0  | SetupLog |||
2022-07-28 06:44:10 | Info    |       | 0.509s - query: ALTER TABLE `service` CHANGE `org_id` `org_id` INT(11) DEFAULT 0, CHANGE `servicefamily_id` `servicefamily_id` INT(11) DEFAULT 0  | SetupLog |||
2022-07-28 06:44:10 | Info    |       | 0.607s - query: ALTER TABLE `lnkdocumenttoservice` CHANGE `service_id` `service_id` INT(11) DEFAULT 0, CHANGE `document_id` `document_id` INT(11) DEFAULT 0  | SetupLog |||
2022-07-28 06:44:11 | Info    |       | 0.519s - query: ALTER TABLE `lnkcontacttoservice` CHANGE `service_id` `service_id` INT(11) DEFAULT 0, CHANGE `contact_id` `contact_id` INT(11) DEFAULT 0  | SetupLog |||
2022-07-28 06:44:11 | Info    |       | 0.497s - query: ALTER TABLE `servicesubcategory` CHANGE `service_id` `service_id` INT(11) DEFAULT 0  | SetupLog |||
2022-07-28 06:44:12 | Info    |       | 0.528s - query: ALTER TABLE `sla` CHANGE `org_id` `org_id` INT(11) DEFAULT 0  | SetupLog |||
2022-07-28 06:44:12 | Info    |       | 0.553s - query: ALTER TABLE `slt` CHANGE `value` `value` INT(11)  | SetupLog |||
2022-07-28 06:44:13 | Info    |       | 0.518s - query: ALTER TABLE `lnkslatoslt` CHANGE `sla_id` `sla_id` INT(11) DEFAULT 0, CHANGE `slt_id` `slt_id` INT(11) DEFAULT 0  | SetupLog |||
2022-07-28 06:44:14 | Info    |       | 1.394s - query: ALTER TABLE `lnkcustomercontracttoservice` CHANGE `customercontract_id` `customercontract_id` INT(11) DEFAULT 0, CHANGE `service_id` `service_id` INT(11) DEFAULT 0, CHANGE `sla_id` `sla_id` INT(11) DEFAULT 0, ADD `coveragewindow_id` INT(11) DEFAULT 0  | SetupLog |||
2022-07-28 06:44:17 | Info    |       | 2.681s - query: ALTER TABLE `lnkcustomercontracttoservice` ADD INDEX `coveragewindow_id` (`coveragewindow_id`)  | SetupLog |||
2022-07-28 06:44:17 | Info    |       | 0.573s - query: ALTER TABLE `lnkcustomercontracttoprovidercontract` CHANGE `customercontract_id` `customercontract_id` INT(11) DEFAULT 0, CHANGE `providercontract_id` `providercontract_id` INT(11) DEFAULT 0  | SetupLog |||
2022-07-28 06:44:18 | Info    |       | 0.553s - query: ALTER TABLE `lnkcustomercontracttofunctionalci` CHANGE `customercontract_id` `customercontract_id` INT(11) DEFAULT 0, CHANGE `functionalci_id` `functionalci_id` INT(11) DEFAULT 0  | SetupLog |||
2022-07-28 06:44:19 | Info    |       | 0.541s - query: ALTER TABLE `deliverymodel` CHANGE `org_id` `org_id` INT(11) DEFAULT 0  | SetupLog |||
2022-07-28 06:44:19 | Info    |       | 0.828s - query: ALTER TABLE `lnkdeliverymodeltocontact` CHANGE `deliverymodel_id` `deliverymodel_id` INT(11) DEFAULT 0, CHANGE `contact_id` `contact_id` INT(11) DEFAULT 0, CHANGE `role_id` `role_id` INT(11) DEFAULT 0  | SetupLog |||
2022-07-28 06:44:20 | Info    |       | 0.530s - query: ALTER TABLE `fiberchannelinterface` CHANGE `datacenterdevice_id` `datacenterdevice_id` INT(11) DEFAULT 0  | SetupLog |||
2022-07-28 06:44:20 | Info    |       | 0.463s - query: ALTER TABLE `tape` CHANGE `tapelibrary_id` `tapelibrary_id` INT(11) DEFAULT 0  | SetupLog |||
2022-07-28 06:44:21 | Info    |       | 0.487s - query: ALTER TABLE `nasfilesystem` CHANGE `nas_id` `nas_id` INT(11) DEFAULT 0  | SetupLog |||
2022-07-28 06:44:21 | Info    |       | 0.541s - query: ALTER TABLE `logicalvolume` CHANGE `storagesystem_id` `storagesystem_id` INT(11) DEFAULT 0  | SetupLog |||
2022-07-28 06:44:22 | Info    |       | 0.686s - query: ALTER TABLE `lnkservertovolume` CHANGE `volume_id` `volume_id` INT(11) DEFAULT 0, CHANGE `server_id` `server_id` INT(11) DEFAULT 0  | SetupLog |||
2022-07-28 06:44:23 | Info    |       | 0.736s - query: ALTER TABLE `lnkdatacenterdevicetosan` CHANGE `san_id` `san_id` INT(11) DEFAULT 0, CHANGE `datacenterdevice_id` `datacenterdevice_id` INT(11) DEFAULT 0  | SetupLog |||
2022-07-28 06:44:24 | Info    |       | 0.953s - query: ALTER TABLE `hypervisor` CHANGE `farm_id` `farm_id` INT(11) DEFAULT 0, CHANGE `server_id` `server_id` INT(11) DEFAULT 0  | SetupLog |||
2022-07-28 06:44:24 | Info    |       | 0.681s - query: ALTER TABLE `virtualmachine` CHANGE `virtualhost_id` `virtualhost_id` INT(11) DEFAULT 0, CHANGE `osfamily_id` `osfamily_id` INT(11) DEFAULT 0, CHANGE `osversion_id` `osversion_id` INT(11) DEFAULT 0, CHANGE `oslicence_id` `oslicence_id` INT(11) DEFAULT 0  | SetupLog |||
2022-07-28 06:44:25 | Info    |       | 0.494s - query: ALTER TABLE `logicalinterface` CHANGE `virtualmachine_id` `virtualmachine_id` INT(11) DEFAULT 0  | SetupLog |||
2022-07-28 06:44:26 | Info    |       | 0.693s - query: ALTER TABLE `remoteapplicationconnection` CHANGE `remoteapplicationtype_id` `remoteapplicationtype_id` INT(11) DEFAULT 0  | SetupLog |||
2022-07-28 06:44:26 | Info    |       | 0.662s - query: ALTER TABLE `priv_action_webhook` CHANGE `remoteapplicationconnection_id` `remoteapplicationconnection_id` INT(11) DEFAULT 0, CHANGE `test_remoteapplicationconnection_id` `test_remoteapplicationconnection_id` INT(11) DEFAULT 0  | SetupLog |||
2022-07-28 06:44:27 | Info    |       | 0.484s - query: ALTER TABLE `qz_event_notification` CHANGE `survey_id` `survey_id` INT(11) DEFAULT 0, CHANGE `contact_id` `contact_id` INT(11) DEFAULT 0  | SetupLog |||
2022-07-28 06:44:27 | Info    |       | 0.497s - query: ALTER TABLE `qz_element` CHANGE `quizz_id` `quizz_id` INT(11) DEFAULT 0, CHANGE `order` `order` INT(11) DEFAULT 0  | SetupLog |||
2022-07-28 06:44:28 | Info    |       | 0.613s - query: ALTER TABLE `qz_survey` CHANGE `quizz_id` `quizz_id` INT(11) DEFAULT 0, CHANGE `on_behalf_of` `on_behalf_of` INT(11) DEFAULT 0, CHANGE `target_phrase_id` `target_phrase_id` INT(11) DEFAULT 0  | SetupLog |||
2022-07-28 06:44:29 | Info    |       | 0.655s - query: ALTER TABLE `qz_survey_target` CHANGE `survey_id` `survey_id` INT(11) DEFAULT 0, CHANGE `contact_id` `contact_id` INT(11) DEFAULT 0  | SetupLog |||
2022-07-28 06:44:29 | Info    |       | 0.508s - query: ALTER TABLE `qz_survey_targetanswer` CHANGE `survey_id` `survey_id` INT(11) DEFAULT 0, CHANGE `contact_id` `contact_id` INT(11) DEFAULT 0, CHANGE `nb_notifications_sent` `nb_notifications_sent` INT(11) DEFAULT 0, CHANGE `last_question_id` `last_question_id` INT(11) DEFAULT 0  | SetupLog |||
2022-07-28 06:44:30 | Info    |       | 0.657s - query: ALTER TABLE `qz_survey_answer` CHANGE `survey_target_id` `survey_target_id` INT(11) DEFAULT 0, CHANGE `question_id` `question_id` INT(11) DEFAULT 0  | SetupLog |||
2022-07-28 06:44:31 | Info    |       | 1.105s - query: ALTER TABLE `lnkfunctionalcitoticket` CHANGE `ticket_id` `ticket_id` INT(11) DEFAULT 0, CHANGE `functionalci_id` `functionalci_id` INT(11) DEFAULT 0  | SetupLog |||
2022-07-28 06:44:31 | Info    |       | 0.506s - query: ALTER TABLE `lnkfunctionalcitoprovidercontract` CHANGE `providercontract_id` `providercontract_id` INT(11) DEFAULT 0, CHANGE `functionalci_id` `functionalci_id` INT(11) DEFAULT 0  | SetupLog |||
2022-07-28 06:44:32 | Info    |       | 0.579s - query: ALTER TABLE `lnkfunctionalcitoservice` CHANGE `service_id` `service_id` INT(11) DEFAULT 0, CHANGE `functionalci_id` `functionalci_id` INT(11) DEFAULT 0  | SetupLog |||
2022-07-28 06:44:32 | Info    |       | 0.472s - query: ALTER TABLE `lnkvirtualdevicetovolume` CHANGE `volume_id` `volume_id` INT(11) DEFAULT 0, CHANGE `virtualdevice_id` `virtualdevice_id` INT(11) DEFAULT 0  | SetupLog |||
2022-07-28 06:44:33 | Info    |       | 0.510s - query: ALTER TABLE `change` CHANGE `requestor_id` `requestor_id` INT(11) DEFAULT 0, CHANGE `supervisor_group_id` `supervisor_group_id` INT(11) DEFAULT 0, CHANGE `supervisor_id` `supervisor_id` INT(11) DEFAULT 0, CHANGE `manager_group_id` `manager_group_id` INT(11) DEFAULT 0, CHANGE `manager_id` `manager_id` INT(11) DEFAULT 0, CHANGE `parent_id` `parent_id` INT(11) DEFAULT 0  | SetupLog |||
2022-07-28 06:44:33 | Info    |       | 0.495s - query: ALTER TABLE `priv_urp_userprofile` CHANGE `userid` `userid` INT(11) DEFAULT 0, CHANGE `profileid` `profileid` INT(11) DEFAULT 0  | SetupLog |||
2022-07-28 06:44:34 | Info    |       | 0.507s - query: ALTER TABLE `priv_urp_userorg` CHANGE `userid` `userid` INT(11) DEFAULT 0, CHANGE `allowed_org_id` `allowed_org_id` INT(11) DEFAULT 0  | SetupLog |||
2022-07-28 06:44:34 | Ok      |       | Database structure successfully updated. | SetupLog |||
2022-07-28 06:44:34 | Ok      |       | Start of rebuilt of hierchical keys. If you have problems with this step, you can skip it by creating a ".setup-rebuild-hkeys-never" file in data | SetupLog |||
2022-07-28 06:44:34 | Ok      |       | Hierchical keys rebuilt: The attribute parent_id from Organization is a hierarchical key.
Rebuilding the fields parent_id_right and parent_id_left from table 'organization'...
Ok, table 'organization' successfully updated.
The attribute parent_id from Group is a hierarchical key.
Rebuilding the fields parent_id_right and parent_id_left from table 'group'...
Ok, table 'group' successfully updated.
 | SetupLog |||
2022-07-28 06:44:34 | Ok      |       | Data sources checked: There are no Data Sources in the database.
Ok.
 | SetupLog |||
2022-07-28 06:44:34 | Ok      |       | Meta enums rebuilt: Executing query: UPDATE `ticket` JOIN `ticket_incident` ON `ticket_incident`.id = `ticket`.id SET `ticket`.`operational_status` = 'ongoing' WHERE `ticket_incident`.`status` IN ('assigned', 'escalated_tto', 'escalated_ttr', 'new', 'pending') AND `ticket`.`operational_status` != 'ongoing'
Executing query: UPDATE `ticket` JOIN `ticket_incident` ON `ticket_incident`.id = `ticket`.id SET `ticket`.`operational_status` = 'closed' WHERE `ticket_incident`.`status` IN ('closed') AND `ticket`.`operational_status` != 'closed'
Executing query: UPDATE `ticket` JOIN `ticket_incident` ON `ticket_incident`.id = `ticket`.id SET `ticket`.`operational_status` = 'resolved' WHERE `ticket_incident`.`status` IN ('resolved') AND `ticket`.`operational_status` != 'resolved'
Executing query: UPDATE `ticket` JOIN `ticket_problem` ON `ticket_problem`.id = `ticket`.id SET `ticket`.`operational_status` = 'ongoing' WHERE `ticket_problem`.`status` IN ('assigned', 'new') AND `ticket`.`operational_status` != 'ongoing'
Executing query: UPDATE `ticket` JOIN `ticket_problem` ON `ticket_problem`.id = `ticket`.id SET `ticket`.`operational_status` = 'closed' WHERE `ticket_problem`.`status` IN ('closed') AND `ticket`.`operational_status` != 'closed'
Executing query: UPDATE `ticket` JOIN `ticket_problem` ON `ticket_problem`.id = `ticket`.id SET `ticket`.`operational_status` = 'resolved' WHERE `ticket_problem`.`status` IN ('resolved') AND `ticket`.`operational_status` != 'resolved'
Executing query: UPDATE `ticket` JOIN `ticket_request` ON `ticket_request`.id = `ticket`.id SET `ticket`.`operational_status` = 'ongoing' WHERE `ticket_request`.`status` IN ('approved', 'assigned', 'escalated_tto', 'escalated_ttr', 'new', 'pending', 'waiting_for_approval') AND `ticket`.`operational_status` != 'ongoing'
Executing query: UPDATE `ticket` JOIN `ticket_request` ON `ticket_request`.id = `ticket`.id SET `ticket`.`operational_status` = 'closed' WHERE `ticket_request`.`status` IN ('closed', 'rejected') AND `ticket`.`operational_status` != 'closed'
Executing query: UPDATE `ticket` JOIN `ticket_request` ON `ticket_request`.id = `ticket`.id SET `ticket`.`operational_status` = 'resolved' WHERE `ticket_request`.`status` IN ('resolved') AND `ticket`.`operational_status` != 'resolved'
Executing query: UPDATE `ticket` JOIN `change` ON `change`.id = `ticket`.id SET `ticket`.`operational_status` = 'ongoing' WHERE `change`.`status` IN ('approved', 'assigned', 'implemented', 'monitored', 'new', 'notapproved', 'plannedscheduled', 'validated') AND `ticket`.`operational_status` != 'ongoing'
Executing query: UPDATE `ticket` JOIN `change` ON `change`.id = `ticket`.id SET `ticket`.`operational_status` = 'closed' WHERE `change`.`status` IN ('closed', 'rejected') AND `ticket`.`operational_status` != 'closed'
 | SetupLog |||
2022-07-28 06:44:34 | Info    |       | Calling Module Handler: AuthentLDAPInstaller::AfterDatabaseCreation(oConfig, 3.0.1, 3.0.1) | SetupLog |||
2022-07-28 06:44:34 | Info    |       | Calling Module Handler: AttachmentInstaller::AfterDatabaseCreation(oConfig, 3.0.1, 3.0.1) | SetupLog |||
2022-07-28 06:44:34 | Info    |       | Initializing attachment/item_org_id - null to zero | SetupLog |||
2022-07-28 06:44:34 | Info    |       | Initializing attachment/item_org_id - zero to the container | SetupLog |||
2022-07-28 06:44:34 | Info    |       | Initializing attachment/item_org_id - 0 records have been adjusted | SetupLog |||
2022-07-28 06:44:34 | Info    |       | Calling Module Handler: StructureInstaller::AfterDatabaseCreation(oConfig, 3.0.1, 3.0.1) | SetupLog |||
2022-07-28 06:44:34 | Info    |       | Calling Module Handler: TicketsInstaller::AfterDatabaseCreation(oConfig, 3.0.1, 3.0.1) | SetupLog |||
2022-07-28 06:44:34 | Info    |       | Calling Module Handler: ConfigMgmtInstaller::AfterDatabaseCreation(oConfig, 3.0.1, 3.0.1) | SetupLog |||
2022-07-28 06:44:34 | Info    |       | Calling Module Handler: EndUserMgmtInstaller::AfterDatabaseCreation(oConfig, 3.0.1, 3.0.1) | SetupLog |||
2022-07-28 06:44:34 | Info    |       | Calling Module Handler: FAQLightInstaller::AfterDatabaseCreation(oConfig, 3.0.1, 3.0.1) | SetupLog |||
2022-07-28 06:44:34 | Info    |       | Calling Module Handler: ServiceMgmtProviderInstaller::AfterDatabaseCreation(oConfig, 3.0.1, 3.0.1) | SetupLog |||
2022-07-28 06:44:34 | Info    |       | Calling Module Handler: StorageMgmtInstaller::AfterDatabaseCreation(oConfig, 3.0.1, 3.0.1) | SetupLog |||
2022-07-28 06:44:34 | Info    |       | Calling Module Handler: CoverageWindowInstaller::AfterDatabaseCreation(oConfig, , 2.4.0) | SetupLog |||
2022-07-28 06:44:34 | Info    |       | Calling Module Handler: CoverageWindowComputationInstaller::AfterDatabaseCreation(oConfig, , 2.0.7) | SetupLog |||
2022-07-28 06:44:34 | Info    |       | URP_Profiles::GetPredefinedObjects() returned 13 elements. | SetupLog |||
2022-07-28 06:44:34 | Info    |       | Calling Module Handler: AuthentLDAPInstaller::AfterDatabaseSetup(oConfig, 3.0.1, 3.0.1) | SetupLog |||
2022-07-28 06:44:34 | Info    |       | Calling Module Handler: AttachmentInstaller::AfterDatabaseSetup(oConfig, 3.0.1, 3.0.1) | SetupLog |||
2022-07-28 06:44:34 | Info    |       | Calling Module Handler: StructureInstaller::AfterDatabaseSetup(oConfig, 3.0.1, 3.0.1) | SetupLog |||
2022-07-28 06:44:34 | Info    |       | Calling Module Handler: TicketsInstaller::AfterDatabaseSetup(oConfig, 3.0.1, 3.0.1) | SetupLog |||
2022-07-28 06:44:34 | Info    |       | Calling Module Handler: ConfigMgmtInstaller::AfterDatabaseSetup(oConfig, 3.0.1, 3.0.1) | SetupLog |||
2022-07-28 06:44:34 | Info    |       | Calling Module Handler: EndUserMgmtInstaller::AfterDatabaseSetup(oConfig, 3.0.1, 3.0.1) | SetupLog |||
2022-07-28 06:44:34 | Info    |       | Calling Module Handler: FAQLightInstaller::AfterDatabaseSetup(oConfig, 3.0.1, 3.0.1) | SetupLog |||
2022-07-28 06:44:34 | Info    |       | Calling Module Handler: ServiceMgmtProviderInstaller::AfterDatabaseSetup(oConfig, 3.0.1, 3.0.1) | SetupLog |||
2022-07-28 06:44:34 | Info    |       | Calling Module Handler: StorageMgmtInstaller::AfterDatabaseSetup(oConfig, 3.0.1, 3.0.1) | SetupLog |||
2022-07-28 06:44:34 | Info    |       | Calling Module Handler: CoverageWindowInstaller::AfterDatabaseSetup(oConfig, , 2.4.0) | SetupLog |||
2022-07-28 06:44:34 | Info    |       | Calling Module Handler: CoverageWindowComputationInstaller::AfterDatabaseSetup(oConfig, , 2.0.7) | SetupLog |||
2022-07-28 06:44:34 | Info    |       | starting data load session | SetupLog |||
2022-07-28 06:44:34 | Info    |       | Loading file: /var/www/html/itop-web/env-production/combodo-webhook-integration/data.struct.remote_application_type.xml (just to get the keys mapping) | SetupLog |||
2022-07-28 06:44:34 | Info    |       | loading of data.struct.remote_application_type.xml done. | SetupLog |||
2022-07-28 06:44:34 | Info    |       | ending data load session | SetupLog |||
2022-07-28 06:44:34 | Info    |       | Calling Module Handler: AuthentLDAPInstaller::AfterDataLoad(oConfig, 3.0.1, 3.0.1) | SetupLog |||
2022-07-28 06:44:34 | Info    |       | Calling Module Handler: AttachmentInstaller::AfterDataLoad(oConfig, 3.0.1, 3.0.1) | SetupLog |||
2022-07-28 06:44:34 | Info    |       | Calling Module Handler: StructureInstaller::AfterDataLoad(oConfig, 3.0.1, 3.0.1) | SetupLog |||
2022-07-28 06:44:34 | Info    |       | Calling Module Handler: TicketsInstaller::AfterDataLoad(oConfig, 3.0.1, 3.0.1) | SetupLog |||
2022-07-28 06:44:34 | Info    |       | Calling Module Handler: ConfigMgmtInstaller::AfterDataLoad(oConfig, 3.0.1, 3.0.1) | SetupLog |||
2022-07-28 06:44:34 | Info    |       | Calling Module Handler: EndUserMgmtInstaller::AfterDataLoad(oConfig, 3.0.1, 3.0.1) | SetupLog |||
2022-07-28 06:44:34 | Info    |       | Calling Module Handler: FAQLightInstaller::AfterDataLoad(oConfig, 3.0.1, 3.0.1) | SetupLog |||
2022-07-28 06:44:34 | Info    |       | Calling Module Handler: ServiceMgmtProviderInstaller::AfterDataLoad(oConfig, 3.0.1, 3.0.1) | SetupLog |||
2022-07-28 06:44:34 | Info    |       | Calling Module Handler: StorageMgmtInstaller::AfterDataLoad(oConfig, 3.0.1, 3.0.1) | SetupLog |||
2022-07-28 06:44:34 | Info    |       | Calling Module Handler: CoverageWindowInstaller::AfterDataLoad(oConfig, , 2.4.0) | SetupLog |||
2022-07-28 06:44:34 | Info    |       | Calling Module Handler: CoverageWindowComputationInstaller::AfterDataLoad(oConfig, , 2.0.7) | SetupLog |||
2022-07-28 06:44:59 | Info    |       | Deployment successfully completed. | SetupLog |||
2022-07-28 06:44:59 | Info    |       | <---- Exiting read only mode | SetupLog |||
